\BOOKMARK [0][-]{chapter.1}{\376\377\0001\000\040\000N\000a\000m\000e\000s\000p\000a\000c\000e\000\040\000I\000n\000d\000e\000x}{}% 1
\BOOKMARK [1][-]{section.1.1}{\376\377\0001\000.\0001\000\040\000P\000a\000c\000k\000a\000g\000e\000s}{chapter.1}% 2
\BOOKMARK [0][-]{chapter.2}{\376\377\0002\000\040\000H\000i\000e\000r\000a\000r\000c\000h\000i\000c\000a\000l\000\040\000I\000n\000d\000e\000x}{}% 3
\BOOKMARK [1][-]{section.2.1}{\376\377\0002\000.\0001\000\040\000C\000l\000a\000s\000s\000\040\000H\000i\000e\000r\000a\000r\000c\000h\000y}{chapter.2}% 4
\BOOKMARK [0][-]{chapter.3}{\376\377\0003\000\040\000C\000l\000a\000s\000s\000\040\000I\000n\000d\000e\000x}{}% 5
\BOOKMARK [1][-]{section.3.1}{\376\377\0003\000.\0001\000\040\000C\000l\000a\000s\000s\000\040\000L\000i\000s\000t}{chapter.3}% 6
\BOOKMARK [0][-]{chapter.4}{\376\377\0004\000\040\000F\000i\000l\000e\000\040\000I\000n\000d\000e\000x}{}% 7
\BOOKMARK [1][-]{section.4.1}{\376\377\0004\000.\0001\000\040\000F\000i\000l\000e\000\040\000L\000i\000s\000t}{chapter.4}% 8
\BOOKMARK [0][-]{chapter.5}{\376\377\0005\000\040\000N\000a\000m\000e\000s\000p\000a\000c\000e\000\040\000D\000o\000c\000u\000m\000e\000n\000t\000a\000t\000i\000o\000n}{}% 9
\BOOKMARK [1][-]{section.5.1}{\376\377\0005\000.\0001\000\040\000P\000a\000c\000k\000a\000g\000e\000\040\000b\000s\000p\000q\0001\0008\000\137\000e\0004}{chapter.5}% 10
\BOOKMARK [1][-]{section.5.2}{\376\377\0005\000.\0002\000\040\000P\000a\000c\000k\000a\000g\000e\000\040\000b\000s\000p\000q\0001\0008\000\137\000e\0004\000.\000G\000e\000s\000t\000i\000o\000n\000H\000o\000t\000e\000l\000e\000r\000a}{chapter.5}% 11
\BOOKMARK [1][-]{section.5.3}{\376\377\0005\000.\0003\000\040\000P\000a\000c\000k\000a\000g\000e\000\040\000b\000s\000p\000q\0001\0008\000\137\000e\0004\000.\000G\000e\000s\000t\000i\000o\000n\000H\000o\000t\000e\000l\000e\000r\000a\000.\000c\000l\000i\000e\000n\000t}{chapter.5}% 12
\BOOKMARK [1][-]{section.5.4}{\376\377\0005\000.\0004\000\040\000P\000a\000c\000k\000a\000g\000e\000\040\000b\000s\000p\000q\0001\0008\000\137\000e\0004\000.\000G\000e\000s\000t\000i\000o\000n\000H\000o\000t\000e\000l\000e\000r\000a\000.\000c\000l\000i\000e\000n\000t\000.\000c\000o\000n\000t\000r\000o\000l\000l\000e\000r}{chapter.5}% 13
\BOOKMARK [1][-]{section.5.5}{\376\377\0005\000.\0005\000\040\000P\000a\000c\000k\000a\000g\000e\000\040\000b\000s\000p\000q\0001\0008\000\137\000e\0004\000.\000G\000e\000s\000t\000i\000o\000n\000H\000o\000t\000e\000l\000e\000r\000a\000.\000c\000l\000i\000e\000n\000t\000.\000g\000u\000i}{chapter.5}% 14
\BOOKMARK [1][-]{section.5.6}{\376\377\0005\000.\0006\000\040\000P\000a\000c\000k\000a\000g\000e\000\040\000b\000s\000p\000q\0001\0008\000\137\000e\0004\000.\000G\000e\000s\000t\000i\000o\000n\000H\000o\000t\000e\000l\000e\000r\000a\000.\000c\000l\000i\000e\000n\000t\000.\000r\000e\000m\000o\000t\000e}{chapter.5}% 15
\BOOKMARK [1][-]{section.5.7}{\376\377\0005\000.\0007\000\040\000P\000a\000c\000k\000a\000g\000e\000\040\000b\000s\000p\000q\0001\0008\000\137\000e\0004\000.\000G\000e\000s\000t\000i\000o\000n\000H\000o\000t\000e\000l\000e\000r\000a\000.\000s\000e\000r\000v\000e\000r}{chapter.5}% 16
\BOOKMARK [1][-]{section.5.8}{\376\377\0005\000.\0008\000\040\000P\000a\000c\000k\000a\000g\000e\000\040\000b\000s\000p\000q\0001\0008\000\137\000e\0004\000.\000G\000e\000s\000t\000i\000o\000n\000H\000o\000t\000e\000l\000e\000r\000a\000.\000s\000e\000r\000v\000e\000r\000.\000a\000s\000s\000e\000m\000b\000l\000e\000r}{chapter.5}% 17
\BOOKMARK [1][-]{section.5.9}{\376\377\0005\000.\0009\000\040\000P\000a\000c\000k\000a\000g\000e\000\040\000b\000s\000p\000q\0001\0008\000\137\000e\0004\000.\000G\000e\000s\000t\000i\000o\000n\000H\000o\000t\000e\000l\000e\000r\000a\000.\000s\000e\000r\000v\000e\000r\000.\000d\000a\000o}{chapter.5}% 18
\BOOKMARK [1][-]{section.5.10}{\376\377\0005\000.\0001\0000\000\040\000P\000a\000c\000k\000a\000g\000e\000\040\000b\000s\000p\000q\0001\0008\000\137\000e\0004\000.\000G\000e\000s\000t\000i\000o\000n\000H\000o\000t\000e\000l\000e\000r\000a\000.\000s\000e\000r\000v\000e\000r\000.\000d\000a\000t\000a}{chapter.5}% 19
\BOOKMARK [1][-]{section.5.11}{\376\377\0005\000.\0001\0001\000\040\000P\000a\000c\000k\000a\000g\000e\000\040\000b\000s\000p\000q\0001\0008\000\137\000e\0004\000.\000G\000e\000s\000t\000i\000o\000n\000H\000o\000t\000e\000l\000e\000r\000a\000.\000s\000e\000r\000v\000e\000r\000.\000d\000t\000o}{chapter.5}% 20
\BOOKMARK [1][-]{section.5.12}{\376\377\0005\000.\0001\0002\000\040\000P\000a\000c\000k\000a\000g\000e\000\040\000b\000s\000p\000q\0001\0008\000\137\000e\0004\000.\000G\000e\000s\000t\000i\000o\000n\000H\000o\000t\000e\000l\000e\000r\000a\000.\000s\000e\000r\000v\000e\000r\000.\000r\000e\000m\000o\000t\000e}{chapter.5}% 21
\BOOKMARK [0][-]{chapter.6}{\376\377\0006\000\040\000C\000l\000a\000s\000s\000\040\000D\000o\000c\000u\000m\000e\000n\000t\000a\000t\000i\000o\000n}{}% 22
\BOOKMARK [1][-]{section.6.1}{\376\377\0006\000.\0001\000\040\000b\000s\000p\000q\0001\0008\000\137\000e\0004\000.\000G\000e\000s\000t\000i\000o\000n\000H\000o\000t\000e\000l\000e\000r\000a\000.\000A\000p\000p\000\040\000C\000l\000a\000s\000s\000\040\000R\000e\000f\000e\000r\000e\000n\000c\000e}{chapter.6}% 23
\BOOKMARK [2][-]{subsection.6.1.1}{\376\377\0006\000.\0001\000.\0001\000\040\000D\000e\000t\000a\000i\000l\000e\000d\000\040\000D\000e\000s\000c\000r\000i\000p\000t\000i\000o\000n}{section.6.1}% 24
\BOOKMARK [2][-]{subsection.6.1.2}{\376\377\0006\000.\0001\000.\0002\000\040\000M\000e\000m\000b\000e\000r\000\040\000F\000u\000n\000c\000t\000i\000o\000n\000\040\000D\000o\000c\000u\000m\000e\000n\000t\000a\000t\000i\000o\000n}{section.6.1}% 25
\BOOKMARK [3][-]{subsubsection.6.1.2.1}{\376\377\0006\000.\0001\000.\0002\000.\0001\000\040\000m\000a\000i\000n\000\050\000\051}{subsection.6.1.2}% 26
\BOOKMARK [1][-]{section.6.2}{\376\377\0006\000.\0002\000\040\000b\000s\000p\000q\0001\0008\000\137\000e\0004\000.\000G\000e\000s\000t\000i\000o\000n\000H\000o\000t\000e\000l\000e\000r\000a\000.\000s\000e\000r\000v\000e\000r\000.\000A\000p\000p\000T\000e\000s\000t\000\040\000C\000l\000a\000s\000s\000\040\000R\000e\000f\000e\000r\000e\000n\000c\000e}{chapter.6}% 27
\BOOKMARK [2][-]{subsection.6.2.1}{\376\377\0006\000.\0002\000.\0001\000\040\000D\000e\000t\000a\000i\000l\000e\000d\000\040\000D\000e\000s\000c\000r\000i\000p\000t\000i\000o\000n}{section.6.2}% 28
\BOOKMARK [2][-]{subsection.6.2.2}{\376\377\0006\000.\0002\000.\0002\000\040\000C\000o\000n\000s\000t\000r\000u\000c\000t\000o\000r\000\040\000\046\000\040\000D\000e\000s\000t\000r\000u\000c\000t\000o\000r\000\040\000D\000o\000c\000u\000m\000e\000n\000t\000a\000t\000i\000o\000n}{section.6.2}% 29
\BOOKMARK [3][-]{subsubsection.6.2.2.1}{\376\377\0006\000.\0002\000.\0002\000.\0001\000\040\000A\000p\000p\000T\000e\000s\000t\000\050\000\051}{subsection.6.2.2}% 30
\BOOKMARK [2][-]{subsection.6.2.3}{\376\377\0006\000.\0002\000.\0003\000\040\000M\000e\000m\000b\000e\000r\000\040\000F\000u\000n\000c\000t\000i\000o\000n\000\040\000D\000o\000c\000u\000m\000e\000n\000t\000a\000t\000i\000o\000n}{section.6.2}% 31
\BOOKMARK [3][-]{subsubsection.6.2.3.1}{\376\377\0006\000.\0002\000.\0003\000.\0001\000\040\000s\000u\000i\000t\000e\000\050\000\051}{subsection.6.2.3}% 32
\BOOKMARK [3][-]{subsubsection.6.2.3.2}{\376\377\0006\000.\0002\000.\0003\000.\0002\000\040\000t\000e\000s\000t\000A\000p\000p\000\050\000\051}{subsection.6.2.3}% 33
\BOOKMARK [1][-]{section.6.3}{\376\377\0006\000.\0003\000\040\000b\000s\000p\000q\0001\0008\000\137\000e\0004\000.\000G\000e\000s\000t\000i\000o\000n\000H\000o\000t\000e\000l\000e\000r\000a\000.\000s\000e\000r\000v\000e\000r\000.\000a\000s\000s\000e\000m\000b\000l\000e\000r\000.\000A\000s\000s\000e\000m\000b\000l\000e\000\040\000C\000l\000a\000s\000s\000\040\000R\000e\000f\000e\000r\000e\000n\000c\000e}{chapter.6}% 34
\BOOKMARK [2][-]{subsection.6.3.1}{\376\377\0006\000.\0003\000.\0001\000\040\000D\000e\000t\000a\000i\000l\000e\000d\000\040\000D\000e\000s\000c\000r\000i\000p\000t\000i\000o\000n}{section.6.3}% 35
\BOOKMARK [2][-]{subsection.6.3.2}{\376\377\0006\000.\0003\000.\0002\000\040\000M\000e\000m\000b\000e\000r\000\040\000F\000u\000n\000c\000t\000i\000o\000n\000\040\000D\000o\000c\000u\000m\000e\000n\000t\000a\000t\000i\000o\000n}{section.6.3}% 36
\BOOKMARK [3][-]{subsubsection.6.3.2.1}{\376\377\0006\000.\0003\000.\0002\000.\0001\000\040\000h\000o\000t\000e\000l\000\050\000\051}{subsection.6.3.2}% 37
\BOOKMARK [3][-]{subsubsection.6.3.2.2}{\376\377\0006\000.\0003\000.\0002\000.\0002\000\040\000h\000o\000t\000e\000l\000D\000T\000O\000\050\000\051}{subsection.6.3.2}% 38
\BOOKMARK [3][-]{subsubsection.6.3.2.3}{\376\377\0006\000.\0003\000.\0002\000.\0003\000\040\000r\000e\000s\000e\000r\000v\000a\000t\000i\000o\000n\000\050\000\051}{subsection.6.3.2}% 39
\BOOKMARK [3][-]{subsubsection.6.3.2.4}{\376\377\0006\000.\0003\000.\0002\000.\0004\000\040\000r\000e\000s\000e\000r\000v\000a\000t\000i\000o\000n\000D\000T\000O\000\050\000\051}{subsection.6.3.2}% 40
\BOOKMARK [3][-]{subsubsection.6.3.2.5}{\376\377\0006\000.\0003\000.\0002\000.\0005\000\040\000r\000o\000o\000m\000\050\000\051}{subsection.6.3.2}% 41
\BOOKMARK [3][-]{subsubsection.6.3.2.6}{\376\377\0006\000.\0003\000.\0002\000.\0006\000\040\000r\000o\000o\000m\000D\000T\000O\000\050\000\051}{subsection.6.3.2}% 42
\BOOKMARK [3][-]{subsubsection.6.3.2.7}{\376\377\0006\000.\0003\000.\0002\000.\0007\000\040\000u\000s\000e\000r\000\050\000\051}{subsection.6.3.2}% 43
\BOOKMARK [3][-]{subsubsection.6.3.2.8}{\376\377\0006\000.\0003\000.\0002\000.\0008\000\040\000u\000s\000e\000r\000D\000T\000O\000\050\000\051}{subsection.6.3.2}% 44
\BOOKMARK [1][-]{section.6.4}{\376\377\0006\000.\0004\000\040\000b\000s\000p\000q\0001\0008\000\137\000e\0004\000.\000G\000e\000s\000t\000i\000o\000n\000H\000o\000t\000e\000l\000e\000r\000a\000.\000s\000e\000r\000v\000e\000r\000.\000A\000s\000s\000e\000m\000b\000l\000e\000T\000e\000s\000t\000\040\000C\000l\000a\000s\000s\000\040\000R\000e\000f\000e\000r\000e\000n\000c\000e}{chapter.6}% 45
\BOOKMARK [2][-]{subsection.6.4.1}{\376\377\0006\000.\0004\000.\0001\000\040\000D\000e\000t\000a\000i\000l\000e\000d\000\040\000D\000e\000s\000c\000r\000i\000p\000t\000i\000o\000n}{section.6.4}% 46
\BOOKMARK [2][-]{subsection.6.4.2}{\376\377\0006\000.\0004\000.\0002\000\040\000M\000e\000m\000b\000e\000r\000\040\000F\000u\000n\000c\000t\000i\000o\000n\000\040\000D\000o\000c\000u\000m\000e\000n\000t\000a\000t\000i\000o\000n}{section.6.4}% 47
\BOOKMARK [3][-]{subsubsection.6.4.2.1}{\376\377\0006\000.\0004\000.\0002\000.\0001\000\040\000s\000e\000t\000U\000p\000\050\000\051}{subsection.6.4.2}% 48
\BOOKMARK [3][-]{subsubsection.6.4.2.2}{\376\377\0006\000.\0004\000.\0002\000.\0002\000\040\000t\000e\000s\000t\000H\000o\000t\000e\000l\000\050\000\051}{subsection.6.4.2}% 49
\BOOKMARK [3][-]{subsubsection.6.4.2.3}{\376\377\0006\000.\0004\000.\0002\000.\0003\000\040\000t\000e\000s\000t\000H\000o\000t\000e\000l\000D\000T\000O\000\050\000\051}{subsection.6.4.2}% 50
\BOOKMARK [3][-]{subsubsection.6.4.2.4}{\376\377\0006\000.\0004\000.\0002\000.\0004\000\040\000t\000e\000s\000t\000U\000s\000e\000r\000\050\000\051}{subsection.6.4.2}% 51
\BOOKMARK [3][-]{subsubsection.6.4.2.5}{\376\377\0006\000.\0004\000.\0002\000.\0005\000\040\000t\000e\000s\000t\000U\000s\000e\000r\000D\000T\000O\000\050\000\051}{subsection.6.4.2}% 52
\BOOKMARK [1][-]{section.6.5}{\376\377\0006\000.\0005\000\040\000b\000s\000p\000q\0001\0008\000\137\000e\0004\000.\000G\000e\000s\000t\000i\000o\000n\000H\000o\000t\000e\000l\000e\000r\000a\000.\000c\000l\000i\000e\000n\000t\000.\000c\000o\000n\000t\000r\000o\000l\000l\000e\000r\000.\000C\000o\000n\000t\000r\000o\000l\000l\000e\000r\000\040\000C\000l\000a\000s\000s\000\040\000R\000e\000f\000e\000r\000e\000n\000c\000e}{chapter.6}% 53
\BOOKMARK [2][-]{subsection.6.5.1}{\376\377\0006\000.\0005\000.\0001\000\040\000D\000e\000t\000a\000i\000l\000e\000d\000\040\000D\000e\000s\000c\000r\000i\000p\000t\000i\000o\000n}{section.6.5}% 54
\BOOKMARK [2][-]{subsection.6.5.2}{\376\377\0006\000.\0005\000.\0002\000\040\000C\000o\000n\000s\000t\000r\000u\000c\000t\000o\000r\000\040\000\046\000\040\000D\000e\000s\000t\000r\000u\000c\000t\000o\000r\000\040\000D\000o\000c\000u\000m\000e\000n\000t\000a\000t\000i\000o\000n}{section.6.5}% 55
\BOOKMARK [3][-]{subsubsection.6.5.2.1}{\376\377\0006\000.\0005\000.\0002\000.\0001\000\040\000C\000o\000n\000t\000r\000o\000l\000l\000e\000r\000\050\000\051}{subsection.6.5.2}% 56
\BOOKMARK [2][-]{subsection.6.5.3}{\376\377\0006\000.\0005\000.\0003\000\040\000M\000e\000m\000b\000e\000r\000\040\000F\000u\000n\000c\000t\000i\000o\000n\000\040\000D\000o\000c\000u\000m\000e\000n\000t\000a\000t\000i\000o\000n}{section.6.5}% 57
\BOOKMARK [3][-]{subsubsection.6.5.3.1}{\376\377\0006\000.\0005\000.\0003\000.\0001\000\040\000i\000s\000R\000e\000g\000i\000s\000t\000e\000r\000e\000d\000\050\000\051}{subsection.6.5.3}% 58
\BOOKMARK [3][-]{subsubsection.6.5.3.2}{\376\377\0006\000.\0005\000.\0003\000.\0002\000\040\000m\000a\000i\000n\000\050\000\051}{subsection.6.5.3}% 59
\BOOKMARK [3][-]{subsubsection.6.5.3.3}{\376\377\0006\000.\0005\000.\0003\000.\0003\000\040\000r\000e\000g\000i\000s\000t\000e\000r\000\050\000\051}{subsection.6.5.3}% 60
\BOOKMARK [3][-]{subsubsection.6.5.3.4}{\376\377\0006\000.\0005\000.\0003\000.\0004\000\040\000s\000i\000g\000n\000I\000n\000\050\000\051}{subsection.6.5.3}% 61
\BOOKMARK [1][-]{section.6.6}{\376\377\0006\000.\0006\000\040\000b\000s\000p\000q\0001\0008\000\137\000e\0004\000.\000G\000e\000s\000t\000i\000o\000n\000H\000o\000t\000e\000l\000e\000r\000a\000.\000s\000e\000r\000v\000e\000r\000.\000D\000A\000O\000T\000e\000s\000t\000\040\000C\000l\000a\000s\000s\000\040\000R\000e\000f\000e\000r\000e\000n\000c\000e}{chapter.6}% 62
\BOOKMARK [2][-]{subsection.6.6.1}{\376\377\0006\000.\0006\000.\0001\000\040\000D\000e\000t\000a\000i\000l\000e\000d\000\040\000D\000e\000s\000c\000r\000i\000p\000t\000i\000o\000n}{section.6.6}% 63
\BOOKMARK [2][-]{subsection.6.6.2}{\376\377\0006\000.\0006\000.\0002\000\040\000M\000e\000m\000b\000e\000r\000\040\000F\000u\000n\000c\000t\000i\000o\000n\000\040\000D\000o\000c\000u\000m\000e\000n\000t\000a\000t\000i\000o\000n}{section.6.6}% 64
\BOOKMARK [3][-]{subsubsection.6.6.2.1}{\376\377\0006\000.\0006\000.\0002\000.\0001\000\040\000s\000e\000t\000U\000p\000\050\000\051}{subsection.6.6.2}% 65
\BOOKMARK [3][-]{subsubsection.6.6.2.2}{\376\377\0006\000.\0006\000.\0002\000.\0002\000\040\000t\000e\000s\000t\000H\000o\000t\000e\000l\000\050\000\051}{subsection.6.6.2}% 66
\BOOKMARK [3][-]{subsubsection.6.6.2.3}{\376\377\0006\000.\0006\000.\0002\000.\0003\000\040\000t\000e\000s\000t\000R\000e\000g\000i\000s\000t\000e\000r\000\050\000\051}{subsection.6.6.2}% 67
\BOOKMARK [3][-]{subsubsection.6.6.2.4}{\376\377\0006\000.\0006\000.\0002\000.\0004\000\040\000t\000e\000s\000t\000R\000e\000s\000e\000r\000v\000a\000t\000i\000o\000n\000\050\000\051}{subsection.6.6.2}% 68
\BOOKMARK [3][-]{subsubsection.6.6.2.5}{\376\377\0006\000.\0006\000.\0002\000.\0005\000\040\000t\000e\000s\000t\000R\000o\000o\000m\000\050\000\051}{subsection.6.6.2}% 69
\BOOKMARK [1][-]{section.6.7}{\376\377\0006\000.\0007\000\040\000b\000s\000p\000q\0001\0008\000\137\000e\0004\000.\000G\000e\000s\000t\000i\000o\000n\000H\000o\000t\000e\000l\000e\000r\000a\000.\000s\000e\000r\000v\000e\000r\000.\000D\000a\000t\000a\000T\000e\000s\000t\000\040\000C\000l\000a\000s\000s\000\040\000R\000e\000f\000e\000r\000e\000n\000c\000e}{chapter.6}% 70
\BOOKMARK [2][-]{subsection.6.7.1}{\376\377\0006\000.\0007\000.\0001\000\040\000D\000e\000t\000a\000i\000l\000e\000d\000\040\000D\000e\000s\000c\000r\000i\000p\000t\000i\000o\000n}{section.6.7}% 71
\BOOKMARK [2][-]{subsection.6.7.2}{\376\377\0006\000.\0007\000.\0002\000\040\000M\000e\000m\000b\000e\000r\000\040\000F\000u\000n\000c\000t\000i\000o\000n\000\040\000D\000o\000c\000u\000m\000e\000n\000t\000a\000t\000i\000o\000n}{section.6.7}% 72
\BOOKMARK [3][-]{subsubsection.6.7.2.1}{\376\377\0006\000.\0007\000.\0002\000.\0001\000\040\000h\000o\000t\000e\000l\000T\000e\000s\000t\000\050\000\051}{subsection.6.7.2}% 73
\BOOKMARK [3][-]{subsubsection.6.7.2.2}{\376\377\0006\000.\0007\000.\0002\000.\0002\000\040\000s\000e\000t\000U\000p\000\050\000\051}{subsection.6.7.2}% 74
\BOOKMARK [1][-]{section.6.8}{\376\377\0006\000.\0008\000\040\000b\000s\000p\000q\0001\0008\000\137\000e\0004\000.\000G\000e\000s\000t\000i\000o\000n\000H\000o\000t\000e\000l\000e\000r\000a\000.\000c\000l\000i\000e\000n\000t\000.\000g\000u\000i\000.\000H\000o\000m\000e\000\040\000C\000l\000a\000s\000s\000\040\000R\000e\000f\000e\000r\000e\000n\000c\000e}{chapter.6}% 75
\BOOKMARK [2][-]{subsection.6.8.1}{\376\377\0006\000.\0008\000.\0001\000\040\000D\000e\000t\000a\000i\000l\000e\000d\000\040\000D\000e\000s\000c\000r\000i\000p\000t\000i\000o\000n}{section.6.8}% 76
\BOOKMARK [2][-]{subsection.6.8.2}{\376\377\0006\000.\0008\000.\0002\000\040\000C\000o\000n\000s\000t\000r\000u\000c\000t\000o\000r\000\040\000\046\000\040\000D\000e\000s\000t\000r\000u\000c\000t\000o\000r\000\040\000D\000o\000c\000u\000m\000e\000n\000t\000a\000t\000i\000o\000n}{section.6.8}% 77
\BOOKMARK [3][-]{subsubsection.6.8.2.1}{\376\377\0006\000.\0008\000.\0002\000.\0001\000\040\000H\000o\000m\000e\000\050\000\051}{subsection.6.8.2}% 78
\BOOKMARK [1][-]{section.6.9}{\376\377\0006\000.\0009\000\040\000b\000s\000p\000q\0001\0008\000\137\000e\0004\000.\000G\000e\000s\000t\000i\000o\000n\000H\000o\000t\000e\000l\000e\000r\000a\000.\000s\000e\000r\000v\000e\000r\000.\000d\000a\000t\000a\000.\000H\000o\000t\000e\000l\000\040\000C\000l\000a\000s\000s\000\040\000R\000e\000f\000e\000r\000e\000n\000c\000e}{chapter.6}% 79
\BOOKMARK [2][-]{subsection.6.9.1}{\376\377\0006\000.\0009\000.\0001\000\040\000D\000e\000t\000a\000i\000l\000e\000d\000\040\000D\000e\000s\000c\000r\000i\000p\000t\000i\000o\000n}{section.6.9}% 80
\BOOKMARK [2][-]{subsection.6.9.2}{\376\377\0006\000.\0009\000.\0002\000\040\000C\000o\000n\000s\000t\000r\000u\000c\000t\000o\000r\000\040\000\046\000\040\000D\000e\000s\000t\000r\000u\000c\000t\000o\000r\000\040\000D\000o\000c\000u\000m\000e\000n\000t\000a\000t\000i\000o\000n}{section.6.9}% 81
\BOOKMARK [3][-]{subsubsection.6.9.2.1}{\376\377\0006\000.\0009\000.\0002\000.\0001\000\040\000H\000o\000t\000e\000l\000\050\000\051}{subsection.6.9.2}% 82
\BOOKMARK [2][-]{subsection.6.9.3}{\376\377\0006\000.\0009\000.\0003\000\040\000M\000e\000m\000b\000e\000r\000\040\000F\000u\000n\000c\000t\000i\000o\000n\000\040\000D\000o\000c\000u\000m\000e\000n\000t\000a\000t\000i\000o\000n}{section.6.9}% 83
\BOOKMARK [3][-]{subsubsection.6.9.3.1}{\376\377\0006\000.\0009\000.\0003\000.\0001\000\040\000g\000e\000t\000C\000i\000t\000y\000\050\000\051}{subsection.6.9.3}% 84
\BOOKMARK [3][-]{subsubsection.6.9.3.2}{\376\377\0006\000.\0009\000.\0003\000.\0002\000\040\000g\000e\000t\000D\000i\000r\000\050\000\051}{subsection.6.9.3}% 85
\BOOKMARK [3][-]{subsubsection.6.9.3.3}{\376\377\0006\000.\0009\000.\0003\000.\0003\000\040\000g\000e\000t\000I\000d\000\050\000\051}{subsection.6.9.3}% 86
\BOOKMARK [3][-]{subsubsection.6.9.3.4}{\376\377\0006\000.\0009\000.\0003\000.\0004\000\040\000g\000e\000t\000N\000a\000m\000e\000\050\000\051}{subsection.6.9.3}% 87
\BOOKMARK [3][-]{subsubsection.6.9.3.5}{\376\377\0006\000.\0009\000.\0003\000.\0005\000\040\000g\000e\000t\000S\000t\000a\000r\000s\000\050\000\051}{subsection.6.9.3}% 88
\BOOKMARK [3][-]{subsubsection.6.9.3.6}{\376\377\0006\000.\0009\000.\0003\000.\0006\000\040\000s\000e\000t\000C\000i\000t\000y\000\050\000\051}{subsection.6.9.3}% 89
\BOOKMARK [3][-]{subsubsection.6.9.3.7}{\376\377\0006\000.\0009\000.\0003\000.\0007\000\040\000s\000e\000t\000D\000i\000r\000\050\000\051}{subsection.6.9.3}% 90
\BOOKMARK [3][-]{subsubsection.6.9.3.8}{\376\377\0006\000.\0009\000.\0003\000.\0008\000\040\000s\000e\000t\000I\000d\000\050\000\051}{subsection.6.9.3}% 91
\BOOKMARK [3][-]{subsubsection.6.9.3.9}{\376\377\0006\000.\0009\000.\0003\000.\0009\000\040\000s\000e\000t\000N\000a\000m\000e\000\050\000\051}{subsection.6.9.3}% 92
\BOOKMARK [3][-]{subsubsection.6.9.3.10}{\376\377\0006\000.\0009\000.\0003\000.\0001\0000\000\040\000s\000e\000t\000S\000t\000a\000r\000s\000\050\000\051}{subsection.6.9.3}% 93
\BOOKMARK [3][-]{subsubsection.6.9.3.11}{\376\377\0006\000.\0009\000.\0003\000.\0001\0001\000\040\000t\000o\000S\000t\000r\000i\000n\000g\000\050\000\051}{subsection.6.9.3}% 94
\BOOKMARK [1][-]{section.6.10}{\376\377\0006\000.\0001\0000\000\040\000b\000s\000p\000q\0001\0008\000\137\000e\0004\000.\000G\000e\000s\000t\000i\000o\000n\000H\000o\000t\000e\000l\000e\000r\000a\000.\000s\000e\000r\000v\000e\000r\000.\000d\000a\000o\000.\000H\000o\000t\000e\000l\000D\000A\000O\000\040\000C\000l\000a\000s\000s\000\040\000R\000e\000f\000e\000r\000e\000n\000c\000e}{chapter.6}% 95
\BOOKMARK [2][-]{subsection.6.10.1}{\376\377\0006\000.\0001\0000\000.\0001\000\040\000D\000e\000t\000a\000i\000l\000e\000d\000\040\000D\000e\000s\000c\000r\000i\000p\000t\000i\000o\000n}{section.6.10}% 96
\BOOKMARK [2][-]{subsection.6.10.2}{\376\377\0006\000.\0001\0000\000.\0002\000\040\000C\000o\000n\000s\000t\000r\000u\000c\000t\000o\000r\000\040\000\046\000\040\000D\000e\000s\000t\000r\000u\000c\000t\000o\000r\000\040\000D\000o\000c\000u\000m\000e\000n\000t\000a\000t\000i\000o\000n}{section.6.10}% 97
\BOOKMARK [3][-]{subsubsection.6.10.2.1}{\376\377\0006\000.\0001\0000\000.\0002\000.\0001\000\040\000H\000o\000t\000e\000l\000D\000A\000O\000\050\000\051}{subsection.6.10.2}% 98
\BOOKMARK [2][-]{subsection.6.10.3}{\376\377\0006\000.\0001\0000\000.\0003\000\040\000M\000e\000m\000b\000e\000r\000\040\000F\000u\000n\000c\000t\000i\000o\000n\000\040\000D\000o\000c\000u\000m\000e\000n\000t\000a\000t\000i\000o\000n}{section.6.10}% 99
\BOOKMARK [3][-]{subsubsection.6.10.3.1}{\376\377\0006\000.\0001\0000\000.\0003\000.\0001\000\040\000b\000o\000o\000k\000\050\000\051}{subsection.6.10.3}% 100
\BOOKMARK [3][-]{subsubsection.6.10.3.2}{\376\377\0006\000.\0001\0000\000.\0003\000.\0002\000\040\000g\000e\000H\000o\000t\000e\000l\000B\000y\000I\000d\000\050\000\051}{subsection.6.10.3}% 101
\BOOKMARK [3][-]{subsubsection.6.10.3.3}{\376\377\0006\000.\0001\0000\000.\0003\000.\0003\000\040\000g\000e\000t\000C\000i\000t\000i\000e\000s\000\050\000\051}{subsection.6.10.3}% 102
\BOOKMARK [3][-]{subsubsection.6.10.3.4}{\376\377\0006\000.\0001\0000\000.\0003\000.\0004\000\040\000g\000e\000t\000H\000o\000t\000e\000l\000s\000\050\000\051}{subsection.6.10.3}% 103
\BOOKMARK [3][-]{subsubsection.6.10.3.5}{\376\377\0006\000.\0001\0000\000.\0003\000.\0005\000\040\000g\000e\000t\000H\000o\000t\000e\000l\000s\000B\000y\000C\000i\000t\000y\000\050\000\051}{subsection.6.10.3}% 104
\BOOKMARK [3][-]{subsubsection.6.10.3.6}{\376\377\0006\000.\0001\0000\000.\0003\000.\0006\000\040\000g\000e\000t\000R\000e\000s\000e\000r\000v\000a\000t\000i\000o\000n\000s\000B\000y\000U\000s\000e\000r\000\050\000\051}{subsection.6.10.3}% 105
\BOOKMARK [3][-]{subsubsection.6.10.3.7}{\376\377\0006\000.\0001\0000\000.\0003\000.\0007\000\040\000g\000e\000t\000R\000o\000o\000m\000s\000\050\000\051}{subsection.6.10.3}% 106
\BOOKMARK [3][-]{subsubsection.6.10.3.8}{\376\377\0006\000.\0001\0000\000.\0003\000.\0008\000\040\000g\000e\000t\000U\000s\000e\000r\000\050\000\051}{subsection.6.10.3}% 107
\BOOKMARK [3][-]{subsubsection.6.10.3.9}{\376\377\0006\000.\0001\0000\000.\0003\000.\0009\000\040\000m\000a\000i\000n\000\050\000\051}{subsection.6.10.3}% 108
\BOOKMARK [3][-]{subsubsection.6.10.3.10}{\376\377\0006\000.\0001\0000\000.\0003\000.\0001\0000\000\040\000r\000e\000g\000i\000s\000t\000e\000r\000\050\000\051}{subsection.6.10.3}% 109
\BOOKMARK [3][-]{subsubsection.6.10.3.11}{\376\377\0006\000.\0001\0000\000.\0003\000.\0001\0001\000\040\000s\000t\000o\000r\000e\000\050\000\051}{subsection.6.10.3}% 110
\BOOKMARK [1][-]{section.6.11}{\376\377\0006\000.\0001\0001\000\040\000b\000s\000p\000q\0001\0008\000\137\000e\0004\000.\000G\000e\000s\000t\000i\000o\000n\000H\000o\000t\000e\000l\000e\000r\000a\000.\000s\000e\000r\000v\000e\000r\000.\000d\000t\000o\000.\000H\000o\000t\000e\000l\000D\000T\000O\000\040\000C\000l\000a\000s\000s\000\040\000R\000e\000f\000e\000r\000e\000n\000c\000e}{chapter.6}% 111
\BOOKMARK [2][-]{subsection.6.11.1}{\376\377\0006\000.\0001\0001\000.\0001\000\040\000D\000e\000t\000a\000i\000l\000e\000d\000\040\000D\000e\000s\000c\000r\000i\000p\000t\000i\000o\000n}{section.6.11}% 112
\BOOKMARK [2][-]{subsection.6.11.2}{\376\377\0006\000.\0001\0001\000.\0002\000\040\000C\000o\000n\000s\000t\000r\000u\000c\000t\000o\000r\000\040\000\046\000\040\000D\000e\000s\000t\000r\000u\000c\000t\000o\000r\000\040\000D\000o\000c\000u\000m\000e\000n\000t\000a\000t\000i\000o\000n}{section.6.11}% 113
\BOOKMARK [3][-]{subsubsection.6.11.2.1}{\376\377\0006\000.\0001\0001\000.\0002\000.\0001\000\040\000H\000o\000t\000e\000l\000D\000T\000O\000\050\000\051}{subsection.6.11.2}% 114
\BOOKMARK [2][-]{subsection.6.11.3}{\376\377\0006\000.\0001\0001\000.\0003\000\040\000M\000e\000m\000b\000e\000r\000\040\000F\000u\000n\000c\000t\000i\000o\000n\000\040\000D\000o\000c\000u\000m\000e\000n\000t\000a\000t\000i\000o\000n}{section.6.11}% 115
\BOOKMARK [3][-]{subsubsection.6.11.3.1}{\376\377\0006\000.\0001\0001\000.\0003\000.\0001\000\040\000g\000e\000t\000C\000i\000t\000y\000\050\000\051}{subsection.6.11.3}% 116
\BOOKMARK [3][-]{subsubsection.6.11.3.2}{\376\377\0006\000.\0001\0001\000.\0003\000.\0002\000\040\000g\000e\000t\000D\000i\000r\000\050\000\051}{subsection.6.11.3}% 117
\BOOKMARK [3][-]{subsubsection.6.11.3.3}{\376\377\0006\000.\0001\0001\000.\0003\000.\0003\000\040\000g\000e\000t\000I\000d\000\050\000\051}{subsection.6.11.3}% 118
\BOOKMARK [3][-]{subsubsection.6.11.3.4}{\376\377\0006\000.\0001\0001\000.\0003\000.\0004\000\040\000g\000e\000t\000N\000a\000m\000e\000\050\000\051}{subsection.6.11.3}% 119
\BOOKMARK [3][-]{subsubsection.6.11.3.5}{\376\377\0006\000.\0001\0001\000.\0003\000.\0005\000\040\000g\000e\000t\000S\000t\000a\000r\000s\000\050\000\051}{subsection.6.11.3}% 120
\BOOKMARK [3][-]{subsubsection.6.11.3.6}{\376\377\0006\000.\0001\0001\000.\0003\000.\0006\000\040\000s\000e\000t\000C\000i\000t\000y\000\050\000\051}{subsection.6.11.3}% 121
\BOOKMARK [3][-]{subsubsection.6.11.3.7}{\376\377\0006\000.\0001\0001\000.\0003\000.\0007\000\040\000s\000e\000t\000D\000i\000r\000\050\000\051}{subsection.6.11.3}% 122
\BOOKMARK [3][-]{subsubsection.6.11.3.8}{\376\377\0006\000.\0001\0001\000.\0003\000.\0008\000\040\000s\000e\000t\000I\000d\000\050\000\051}{subsection.6.11.3}% 123
\BOOKMARK [3][-]{subsubsection.6.11.3.9}{\376\377\0006\000.\0001\0001\000.\0003\000.\0009\000\040\000s\000e\000t\000N\000a\000m\000e\000\050\000\051}{subsection.6.11.3}% 124
\BOOKMARK [3][-]{subsubsection.6.11.3.10}{\376\377\0006\000.\0001\0001\000.\0003\000.\0001\0000\000\040\000s\000e\000t\000S\000t\000a\000r\000s\000\050\000\051}{subsection.6.11.3}% 125
\BOOKMARK [1][-]{section.6.12}{\376\377\0006\000.\0001\0002\000\040\000b\000s\000p\000q\0001\0008\000\137\000e\0004\000.\000G\000e\000s\000t\000i\000o\000n\000H\000o\000t\000e\000l\000e\000r\000a\000.\000s\000e\000r\000v\000e\000r\000.\000H\000o\000t\000e\000l\000S\000e\000r\000v\000e\000r\000\040\000C\000l\000a\000s\000s\000\040\000R\000e\000f\000e\000r\000e\000n\000c\000e}{chapter.6}% 126
\BOOKMARK [2][-]{subsection.6.12.1}{\376\377\0006\000.\0001\0002\000.\0001\000\040\000D\000e\000t\000a\000i\000l\000e\000d\000\040\000D\000e\000s\000c\000r\000i\000p\000t\000i\000o\000n}{section.6.12}% 127
\BOOKMARK [2][-]{subsection.6.12.2}{\376\377\0006\000.\0001\0002\000.\0002\000\040\000M\000e\000m\000b\000e\000r\000\040\000F\000u\000n\000c\000t\000i\000o\000n\000\040\000D\000o\000c\000u\000m\000e\000n\000t\000a\000t\000i\000o\000n}{section.6.12}% 128
\BOOKMARK [3][-]{subsubsection.6.12.2.1}{\376\377\0006\000.\0001\0002\000.\0002\000.\0001\000\040\000m\000a\000i\000n\000\050\000\051}{subsection.6.12.2}% 129
\BOOKMARK [1][-]{section.6.13}{\376\377\0006\000.\0001\0003\000\040\000b\000s\000p\000q\0001\0008\000\137\000e\0004\000.\000G\000e\000s\000t\000i\000o\000n\000H\000o\000t\000e\000l\000e\000r\000a\000.\000s\000e\000r\000v\000e\000r\000.\000d\000a\000o\000.\000I\000H\000o\000t\000e\000l\000D\000A\000O\000\040\000I\000n\000t\000e\000r\000f\000a\000c\000e\000\040\000R\000e\000f\000e\000r\000e\000n\000c\000e}{chapter.6}% 130
\BOOKMARK [2][-]{subsection.6.13.1}{\376\377\0006\000.\0001\0003\000.\0001\000\040\000D\000e\000t\000a\000i\000l\000e\000d\000\040\000D\000e\000s\000c\000r\000i\000p\000t\000i\000o\000n}{section.6.13}% 131
\BOOKMARK [2][-]{subsection.6.13.2}{\376\377\0006\000.\0001\0003\000.\0002\000\040\000M\000e\000m\000b\000e\000r\000\040\000F\000u\000n\000c\000t\000i\000o\000n\000\040\000D\000o\000c\000u\000m\000e\000n\000t\000a\000t\000i\000o\000n}{section.6.13}% 132
\BOOKMARK [3][-]{subsubsection.6.13.2.1}{\376\377\0006\000.\0001\0003\000.\0002\000.\0001\000\040\000b\000o\000o\000k\000\050\000\051}{subsection.6.13.2}% 133
\BOOKMARK [3][-]{subsubsection.6.13.2.2}{\376\377\0006\000.\0001\0003\000.\0002\000.\0002\000\040\000g\000e\000t\000C\000i\000t\000i\000e\000s\000\050\000\051}{subsection.6.13.2}% 134
\BOOKMARK [3][-]{subsubsection.6.13.2.3}{\376\377\0006\000.\0001\0003\000.\0002\000.\0003\000\040\000g\000e\000t\000H\000o\000t\000e\000l\000s\000\050\000\051}{subsection.6.13.2}% 135
\BOOKMARK [3][-]{subsubsection.6.13.2.4}{\376\377\0006\000.\0001\0003\000.\0002\000.\0004\000\040\000g\000e\000t\000R\000e\000s\000e\000r\000v\000a\000t\000i\000o\000n\000s\000B\000y\000U\000s\000e\000r\000\050\000\051}{subsection.6.13.2}% 136
\BOOKMARK [3][-]{subsubsection.6.13.2.5}{\376\377\0006\000.\0001\0003\000.\0002\000.\0005\000\040\000g\000e\000t\000U\000s\000e\000r\000\050\000\051}{subsection.6.13.2}% 137
\BOOKMARK [3][-]{subsubsection.6.13.2.6}{\376\377\0006\000.\0001\0003\000.\0002\000.\0006\000\040\000r\000e\000g\000i\000s\000t\000e\000r\000\050\000\051}{subsection.6.13.2}% 138
\BOOKMARK [3][-]{subsubsection.6.13.2.7}{\376\377\0006\000.\0001\0003\000.\0002\000.\0007\000\040\000s\000t\000o\000r\000e\000\050\000\051}{subsection.6.13.2}% 139
\BOOKMARK [1][-]{section.6.14}{\376\377\0006\000.\0001\0004\000\040\000b\000s\000p\000q\0001\0008\000\137\000e\0004\000.\000G\000e\000s\000t\000i\000o\000n\000H\000o\000t\000e\000l\000e\000r\000a\000.\000s\000e\000r\000v\000e\000r\000.\000r\000e\000m\000o\000t\000e\000.\000I\000S\000e\000r\000v\000i\000c\000e\000\040\000I\000n\000t\000e\000r\000f\000a\000c\000e\000\040\000R\000e\000f\000e\000r\000e\000n\000c\000e}{chapter.6}% 140
\BOOKMARK [2][-]{subsection.6.14.1}{\376\377\0006\000.\0001\0004\000.\0001\000\040\000D\000e\000t\000a\000i\000l\000e\000d\000\040\000D\000e\000s\000c\000r\000i\000p\000t\000i\000o\000n}{section.6.14}% 141
\BOOKMARK [2][-]{subsection.6.14.2}{\376\377\0006\000.\0001\0004\000.\0002\000\040\000M\000e\000m\000b\000e\000r\000\040\000F\000u\000n\000c\000t\000i\000o\000n\000\040\000D\000o\000c\000u\000m\000e\000n\000t\000a\000t\000i\000o\000n}{section.6.14}% 142
\BOOKMARK [3][-]{subsubsection.6.14.2.1}{\376\377\0006\000.\0001\0004\000.\0002\000.\0001\000\040\000i\000s\000R\000e\000g\000i\000s\000t\000e\000r\000e\000d\000\050\000\051}{subsection.6.14.2}% 143
\BOOKMARK [3][-]{subsubsection.6.14.2.2}{\376\377\0006\000.\0001\0004\000.\0002\000.\0002\000\040\000r\000e\000g\000i\000s\000t\000e\000r\000\050\000\051}{subsection.6.14.2}% 144
\BOOKMARK [3][-]{subsubsection.6.14.2.3}{\376\377\0006\000.\0001\0004\000.\0002\000.\0003\000\040\000s\000i\000g\000n\000I\000n\000\050\000\051}{subsection.6.14.2}% 145
\BOOKMARK [1][-]{section.6.15}{\376\377\0006\000.\0001\0005\000\040\000b\000s\000p\000q\0001\0008\000\137\000e\0004\000.\000G\000e\000s\000t\000i\000o\000n\000H\000o\000t\000e\000l\000e\000r\000a\000.\000c\000l\000i\000e\000n\000t\000.\000g\000u\000i\000.\000L\000o\000g\000i\000n\000\040\000C\000l\000a\000s\000s\000\040\000R\000e\000f\000e\000r\000e\000n\000c\000e}{chapter.6}% 146
\BOOKMARK [2][-]{subsection.6.15.1}{\376\377\0006\000.\0001\0005\000.\0001\000\040\000D\000e\000t\000a\000i\000l\000e\000d\000\040\000D\000e\000s\000c\000r\000i\000p\000t\000i\000o\000n}{section.6.15}% 147
\BOOKMARK [2][-]{subsection.6.15.2}{\376\377\0006\000.\0001\0005\000.\0002\000\040\000C\000o\000n\000s\000t\000r\000u\000c\000t\000o\000r\000\040\000\046\000\040\000D\000e\000s\000t\000r\000u\000c\000t\000o\000r\000\040\000D\000o\000c\000u\000m\000e\000n\000t\000a\000t\000i\000o\000n}{section.6.15}% 148
\BOOKMARK [3][-]{subsubsection.6.15.2.1}{\376\377\0006\000.\0001\0005\000.\0002\000.\0001\000\040\000L\000o\000g\000i\000n\000\050\000\051}{subsection.6.15.2}% 149
\BOOKMARK [1][-]{section.6.16}{\376\377\0006\000.\0001\0006\000\040\000b\000s\000p\000q\0001\0008\000\137\000e\0004\000.\000G\000e\000s\000t\000i\000o\000n\000H\000o\000t\000e\000l\000e\000r\000a\000.\000c\000l\000i\000e\000n\000t\000.\000g\000u\000i\000.\000M\000y\000A\000c\000c\000o\000u\000n\000t\000\040\000C\000l\000a\000s\000s\000\040\000R\000e\000f\000e\000r\000e\000n\000c\000e}{chapter.6}% 150
\BOOKMARK [2][-]{subsection.6.16.1}{\376\377\0006\000.\0001\0006\000.\0001\000\040\000D\000e\000t\000a\000i\000l\000e\000d\000\040\000D\000e\000s\000c\000r\000i\000p\000t\000i\000o\000n}{section.6.16}% 151
\BOOKMARK [2][-]{subsection.6.16.2}{\376\377\0006\000.\0001\0006\000.\0002\000\040\000C\000o\000n\000s\000t\000r\000u\000c\000t\000o\000r\000\040\000\046\000\040\000D\000e\000s\000t\000r\000u\000c\000t\000o\000r\000\040\000D\000o\000c\000u\000m\000e\000n\000t\000a\000t\000i\000o\000n}{section.6.16}% 152
\BOOKMARK [3][-]{subsubsection.6.16.2.1}{\376\377\0006\000.\0001\0006\000.\0002\000.\0001\000\040\000M\000y\000A\000c\000c\000o\000u\000n\000t\000\050\000\051}{subsection.6.16.2}% 153
\BOOKMARK [1][-]{section.6.17}{\376\377\0006\000.\0001\0007\000\040\000b\000s\000p\000q\0001\0008\000\137\000e\0004\000.\000G\000e\000s\000t\000i\000o\000n\000H\000o\000t\000e\000l\000e\000r\000a\000.\000s\000e\000r\000v\000e\000r\000.\000d\000a\000t\000a\000.\000R\000e\000s\000e\000r\000v\000a\000t\000i\000o\000n\000\040\000C\000l\000a\000s\000s\000\040\000R\000e\000f\000e\000r\000e\000n\000c\000e}{chapter.6}% 154
\BOOKMARK [2][-]{subsection.6.17.1}{\376\377\0006\000.\0001\0007\000.\0001\000\040\000D\000e\000t\000a\000i\000l\000e\000d\000\040\000D\000e\000s\000c\000r\000i\000p\000t\000i\000o\000n}{section.6.17}% 155
\BOOKMARK [2][-]{subsection.6.17.2}{\376\377\0006\000.\0001\0007\000.\0002\000\040\000C\000o\000n\000s\000t\000r\000u\000c\000t\000o\000r\000\040\000\046\000\040\000D\000e\000s\000t\000r\000u\000c\000t\000o\000r\000\040\000D\000o\000c\000u\000m\000e\000n\000t\000a\000t\000i\000o\000n}{section.6.17}% 156
\BOOKMARK [3][-]{subsubsection.6.17.2.1}{\376\377\0006\000.\0001\0007\000.\0002\000.\0001\000\040\000R\000e\000s\000e\000r\000v\000a\000t\000i\000o\000n\000\050\000\051\000\040\000[\0001\000/\0002\000]}{subsection.6.17.2}% 157
\BOOKMARK [3][-]{subsubsection.6.17.2.2}{\376\377\0006\000.\0001\0007\000.\0002\000.\0002\000\040\000R\000e\000s\000e\000r\000v\000a\000t\000i\000o\000n\000\050\000\051\000\040\000[\0002\000/\0002\000]}{subsection.6.17.2}% 158
\BOOKMARK [2][-]{subsection.6.17.3}{\376\377\0006\000.\0001\0007\000.\0003\000\040\000M\000e\000m\000b\000e\000r\000\040\000F\000u\000n\000c\000t\000i\000o\000n\000\040\000D\000o\000c\000u\000m\000e\000n\000t\000a\000t\000i\000o\000n}{section.6.17}% 159
\BOOKMARK [3][-]{subsubsection.6.17.3.1}{\376\377\0006\000.\0001\0007\000.\0003\000.\0001\000\040\000a\000d\000d\000R\000o\000o\000m\000\050\000\051}{subsection.6.17.3}% 160
\BOOKMARK [3][-]{subsubsection.6.17.3.2}{\376\377\0006\000.\0001\0007\000.\0003\000.\0002\000\040\000g\000e\000t\000A\000r\000r\000i\000v\000a\000l\000\050\000\051}{subsection.6.17.3}% 161
\BOOKMARK [3][-]{subsubsection.6.17.3.3}{\376\377\0006\000.\0001\0007\000.\0003\000.\0003\000\040\000g\000e\000t\000D\000e\000p\000a\000r\000t\000u\000r\000e\000\050\000\051}{subsection.6.17.3}% 162
\BOOKMARK [3][-]{subsubsection.6.17.3.4}{\376\377\0006\000.\0001\0007\000.\0003\000.\0004\000\040\000g\000e\000t\000H\000o\000t\000e\000l\000\050\000\051}{subsection.6.17.3}% 163
\BOOKMARK [3][-]{subsubsection.6.17.3.5}{\376\377\0006\000.\0001\0007\000.\0003\000.\0005\000\040\000g\000e\000t\000I\000d\000\050\000\051}{subsection.6.17.3}% 164
\BOOKMARK [3][-]{subsubsection.6.17.3.6}{\376\377\0006\000.\0001\0007\000.\0003\000.\0006\000\040\000g\000e\000t\000R\000o\000o\000m\000s\000\050\000\051}{subsection.6.17.3}% 165
\BOOKMARK [3][-]{subsubsection.6.17.3.7}{\376\377\0006\000.\0001\0007\000.\0003\000.\0007\000\040\000g\000e\000t\000U\000s\000e\000r\000\050\000\051}{subsection.6.17.3}% 166
\BOOKMARK [3][-]{subsubsection.6.17.3.8}{\376\377\0006\000.\0001\0007\000.\0003\000.\0008\000\040\000r\000e\000m\000o\000v\000e\000R\000o\000o\000m\000\050\000\051}{subsection.6.17.3}% 167
\BOOKMARK [3][-]{subsubsection.6.17.3.9}{\376\377\0006\000.\0001\0007\000.\0003\000.\0009\000\040\000s\000e\000t\000A\000r\000r\000i\000v\000a\000l\000\050\000\051}{subsection.6.17.3}% 168
\BOOKMARK [3][-]{subsubsection.6.17.3.10}{\376\377\0006\000.\0001\0007\000.\0003\000.\0001\0000\000\040\000s\000e\000t\000D\000e\000p\000a\000r\000t\000u\000r\000e\000\050\000\051}{subsection.6.17.3}% 169
\BOOKMARK [3][-]{subsubsection.6.17.3.11}{\376\377\0006\000.\0001\0007\000.\0003\000.\0001\0001\000\040\000s\000e\000t\000H\000o\000t\000e\000l\000\050\000\051}{subsection.6.17.3}% 170
\BOOKMARK [3][-]{subsubsection.6.17.3.12}{\376\377\0006\000.\0001\0007\000.\0003\000.\0001\0002\000\040\000s\000e\000t\000I\000d\000\050\000\051}{subsection.6.17.3}% 171
\BOOKMARK [3][-]{subsubsection.6.17.3.13}{\376\377\0006\000.\0001\0007\000.\0003\000.\0001\0003\000\040\000s\000e\000t\000R\000o\000o\000m\000s\000\050\000\051}{subsection.6.17.3}% 172
\BOOKMARK [3][-]{subsubsection.6.17.3.14}{\376\377\0006\000.\0001\0007\000.\0003\000.\0001\0004\000\040\000s\000e\000t\000U\000s\000e\000r\000\050\000\051}{subsection.6.17.3}% 173
\BOOKMARK [3][-]{subsubsection.6.17.3.15}{\376\377\0006\000.\0001\0007\000.\0003\000.\0001\0005\000\040\000t\000o\000S\000t\000r\000i\000n\000g\000\050\000\051}{subsection.6.17.3}% 174
\BOOKMARK [1][-]{section.6.18}{\376\377\0006\000.\0001\0008\000\040\000b\000s\000p\000q\0001\0008\000\137\000e\0004\000.\000G\000e\000s\000t\000i\000o\000n\000H\000o\000t\000e\000l\000e\000r\000a\000.\000s\000e\000r\000v\000e\000r\000.\000d\000t\000o\000.\000R\000e\000s\000e\000r\000v\000a\000t\000i\000o\000n\000D\000T\000O\000\040\000C\000l\000a\000s\000s\000\040\000R\000e\000f\000e\000r\000e\000n\000c\000e}{chapter.6}% 175
\BOOKMARK [2][-]{subsection.6.18.1}{\376\377\0006\000.\0001\0008\000.\0001\000\040\000D\000e\000t\000a\000i\000l\000e\000d\000\040\000D\000e\000s\000c\000r\000i\000p\000t\000i\000o\000n}{section.6.18}% 176
\BOOKMARK [2][-]{subsection.6.18.2}{\376\377\0006\000.\0001\0008\000.\0002\000\040\000C\000o\000n\000s\000t\000r\000u\000c\000t\000o\000r\000\040\000\046\000\040\000D\000e\000s\000t\000r\000u\000c\000t\000o\000r\000\040\000D\000o\000c\000u\000m\000e\000n\000t\000a\000t\000i\000o\000n}{section.6.18}% 177
\BOOKMARK [3][-]{subsubsection.6.18.2.1}{\376\377\0006\000.\0001\0008\000.\0002\000.\0001\000\040\000R\000e\000s\000e\000r\000v\000a\000t\000i\000o\000n\000D\000T\000O\000\050\000\051}{subsection.6.18.2}% 178
\BOOKMARK [2][-]{subsection.6.18.3}{\376\377\0006\000.\0001\0008\000.\0003\000\040\000M\000e\000m\000b\000e\000r\000\040\000F\000u\000n\000c\000t\000i\000o\000n\000\040\000D\000o\000c\000u\000m\000e\000n\000t\000a\000t\000i\000o\000n}{section.6.18}% 179
\BOOKMARK [3][-]{subsubsection.6.18.3.1}{\376\377\0006\000.\0001\0008\000.\0003\000.\0001\000\040\000a\000d\000d\000R\000o\000o\000m\000\050\000\051}{subsection.6.18.3}% 180
\BOOKMARK [3][-]{subsubsection.6.18.3.2}{\376\377\0006\000.\0001\0008\000.\0003\000.\0002\000\040\000g\000e\000t\000A\000r\000r\000i\000v\000a\000l\000\050\000\051}{subsection.6.18.3}% 181
\BOOKMARK [3][-]{subsubsection.6.18.3.3}{\376\377\0006\000.\0001\0008\000.\0003\000.\0003\000\040\000g\000e\000t\000D\000e\000p\000a\000r\000t\000u\000r\000e\000\050\000\051}{subsection.6.18.3}% 182
\BOOKMARK [3][-]{subsubsection.6.18.3.4}{\376\377\0006\000.\0001\0008\000.\0003\000.\0004\000\040\000g\000e\000t\000H\000o\000t\000e\000l\000\050\000\051}{subsection.6.18.3}% 183
\BOOKMARK [3][-]{subsubsection.6.18.3.5}{\376\377\0006\000.\0001\0008\000.\0003\000.\0005\000\040\000g\000e\000t\000I\000d\000\050\000\051}{subsection.6.18.3}% 184
\BOOKMARK [3][-]{subsubsection.6.18.3.6}{\376\377\0006\000.\0001\0008\000.\0003\000.\0006\000\040\000g\000e\000t\000R\000o\000o\000m\000s\000\050\000\051}{subsection.6.18.3}% 185
\BOOKMARK [3][-]{subsubsection.6.18.3.7}{\376\377\0006\000.\0001\0008\000.\0003\000.\0007\000\040\000g\000e\000t\000U\000s\000e\000r\000\050\000\051}{subsection.6.18.3}% 186
\BOOKMARK [3][-]{subsubsection.6.18.3.8}{\376\377\0006\000.\0001\0008\000.\0003\000.\0008\000\040\000r\000e\000m\000o\000v\000e\000R\000e\000s\000e\000r\000v\000a\000\050\000\051}{subsection.6.18.3}% 187
\BOOKMARK [3][-]{subsubsection.6.18.3.9}{\376\377\0006\000.\0001\0008\000.\0003\000.\0009\000\040\000s\000e\000t\000A\000r\000r\000i\000v\000a\000l\000\050\000\051}{subsection.6.18.3}% 188
\BOOKMARK [3][-]{subsubsection.6.18.3.10}{\376\377\0006\000.\0001\0008\000.\0003\000.\0001\0000\000\040\000s\000e\000t\000D\000e\000p\000a\000r\000t\000u\000r\000e\000\050\000\051}{subsection.6.18.3}% 189
\BOOKMARK [3][-]{subsubsection.6.18.3.11}{\376\377\0006\000.\0001\0008\000.\0003\000.\0001\0001\000\040\000s\000e\000t\000H\000o\000t\000e\000l\000\050\000\051}{subsection.6.18.3}% 190
\BOOKMARK [3][-]{subsubsection.6.18.3.12}{\376\377\0006\000.\0001\0008\000.\0003\000.\0001\0002\000\040\000s\000e\000t\000I\000d\000\050\000\051}{subsection.6.18.3}% 191
\BOOKMARK [3][-]{subsubsection.6.18.3.13}{\376\377\0006\000.\0001\0008\000.\0003\000.\0001\0003\000\040\000s\000e\000t\000R\000o\000o\000m\000s\000\050\000\051}{subsection.6.18.3}% 192
\BOOKMARK [3][-]{subsubsection.6.18.3.14}{\376\377\0006\000.\0001\0008\000.\0003\000.\0001\0004\000\040\000s\000e\000t\000U\000s\000e\000r\000\050\000\051}{subsection.6.18.3}% 193
\BOOKMARK [1][-]{section.6.19}{\376\377\0006\000.\0001\0009\000\040\000b\000s\000p\000q\0001\0008\000\137\000e\0004\000.\000G\000e\000s\000t\000i\000o\000n\000H\000o\000t\000e\000l\000e\000r\000a\000.\000s\000e\000r\000v\000e\000r\000.\000d\000a\000t\000a\000.\000R\000o\000o\000m\000\040\000C\000l\000a\000s\000s\000\040\000R\000e\000f\000e\000r\000e\000n\000c\000e}{chapter.6}% 194
\BOOKMARK [2][-]{subsection.6.19.1}{\376\377\0006\000.\0001\0009\000.\0001\000\040\000D\000e\000t\000a\000i\000l\000e\000d\000\040\000D\000e\000s\000c\000r\000i\000p\000t\000i\000o\000n}{section.6.19}% 195
\BOOKMARK [2][-]{subsection.6.19.2}{\376\377\0006\000.\0001\0009\000.\0002\000\040\000C\000o\000n\000s\000t\000r\000u\000c\000t\000o\000r\000\040\000\046\000\040\000D\000e\000s\000t\000r\000u\000c\000t\000o\000r\000\040\000D\000o\000c\000u\000m\000e\000n\000t\000a\000t\000i\000o\000n}{section.6.19}% 196
\BOOKMARK [3][-]{subsubsection.6.19.2.1}{\376\377\0006\000.\0001\0009\000.\0002\000.\0001\000\040\000R\000o\000o\000m\000\050\000\051\000\040\000[\0001\000/\0002\000]}{subsection.6.19.2}% 197
\BOOKMARK [3][-]{subsubsection.6.19.2.2}{\376\377\0006\000.\0001\0009\000.\0002\000.\0002\000\040\000R\000o\000o\000m\000\050\000\051\000\040\000[\0002\000/\0002\000]}{subsection.6.19.2}% 198
\BOOKMARK [2][-]{subsection.6.19.3}{\376\377\0006\000.\0001\0009\000.\0003\000\040\000M\000e\000m\000b\000e\000r\000\040\000F\000u\000n\000c\000t\000i\000o\000n\000\040\000D\000o\000c\000u\000m\000e\000n\000t\000a\000t\000i\000o\000n}{section.6.19}% 199
\BOOKMARK [3][-]{subsubsection.6.19.3.1}{\376\377\0006\000.\0001\0009\000.\0003\000.\0001\000\040\000g\000e\000t\000C\000a\000p\000a\000c\000i\000t\000y\000\050\000\051}{subsection.6.19.3}% 200
\BOOKMARK [3][-]{subsubsection.6.19.3.2}{\376\377\0006\000.\0001\0009\000.\0003\000.\0002\000\040\000g\000e\000t\000H\000o\000t\000e\000l\000\050\000\051}{subsection.6.19.3}% 201
\BOOKMARK [3][-]{subsubsection.6.19.3.3}{\376\377\0006\000.\0001\0009\000.\0003\000.\0003\000\040\000g\000e\000t\000N\000u\000m\000\050\000\051}{subsection.6.19.3}% 202
\BOOKMARK [3][-]{subsubsection.6.19.3.4}{\376\377\0006\000.\0001\0009\000.\0003\000.\0004\000\040\000g\000e\000t\000P\000r\000i\000c\000e\000\050\000\051}{subsection.6.19.3}% 203
\BOOKMARK [3][-]{subsubsection.6.19.3.5}{\376\377\0006\000.\0001\0009\000.\0003\000.\0005\000\040\000g\000e\000t\000R\000e\000s\000e\000r\000v\000a\000t\000i\000o\000n\000\050\000\051}{subsection.6.19.3}% 204
\BOOKMARK [3][-]{subsubsection.6.19.3.6}{\376\377\0006\000.\0001\0009\000.\0003\000.\0006\000\040\000g\000e\000t\000T\000y\000p\000e\000\050\000\051}{subsection.6.19.3}% 205
\BOOKMARK [3][-]{subsubsection.6.19.3.7}{\376\377\0006\000.\0001\0009\000.\0003\000.\0007\000\040\000s\000e\000t\000C\000a\000p\000a\000c\000i\000t\000y\000\050\000\051}{subsection.6.19.3}% 206
\BOOKMARK [3][-]{subsubsection.6.19.3.8}{\376\377\0006\000.\0001\0009\000.\0003\000.\0008\000\040\000s\000e\000t\000H\000o\000t\000e\000l\000\050\000\051}{subsection.6.19.3}% 207
\BOOKMARK [3][-]{subsubsection.6.19.3.9}{\376\377\0006\000.\0001\0009\000.\0003\000.\0009\000\040\000s\000e\000t\000N\000u\000m\000\050\000\051}{subsection.6.19.3}% 208
\BOOKMARK [3][-]{subsubsection.6.19.3.10}{\376\377\0006\000.\0001\0009\000.\0003\000.\0001\0000\000\040\000s\000e\000t\000P\000r\000i\000c\000e\000\050\000\051}{subsection.6.19.3}% 209
\BOOKMARK [3][-]{subsubsection.6.19.3.11}{\376\377\0006\000.\0001\0009\000.\0003\000.\0001\0001\000\040\000s\000e\000t\000R\000e\000s\000e\000r\000v\000a\000t\000i\000o\000n\000\050\000\051}{subsection.6.19.3}% 210
\BOOKMARK [3][-]{subsubsection.6.19.3.12}{\376\377\0006\000.\0001\0009\000.\0003\000.\0001\0002\000\040\000s\000e\000t\000T\000y\000p\000e\000\050\000\051}{subsection.6.19.3}% 211
\BOOKMARK [3][-]{subsubsection.6.19.3.13}{\376\377\0006\000.\0001\0009\000.\0003\000.\0001\0003\000\040\000t\000o\000S\000t\000r\000i\000n\000g\000\050\000\051}{subsection.6.19.3}% 212
\BOOKMARK [1][-]{section.6.20}{\376\377\0006\000.\0002\0000\000\040\000b\000s\000p\000q\0001\0008\000\137\000e\0004\000.\000G\000e\000s\000t\000i\000o\000n\000H\000o\000t\000e\000l\000e\000r\000a\000.\000s\000e\000r\000v\000e\000r\000.\000d\000t\000o\000.\000R\000o\000o\000m\000D\000T\000O\000\040\000C\000l\000a\000s\000s\000\040\000R\000e\000f\000e\000r\000e\000n\000c\000e}{chapter.6}% 213
\BOOKMARK [2][-]{subsection.6.20.1}{\376\377\0006\000.\0002\0000\000.\0001\000\040\000D\000e\000t\000a\000i\000l\000e\000d\000\040\000D\000e\000s\000c\000r\000i\000p\000t\000i\000o\000n}{section.6.20}% 214
\BOOKMARK [2][-]{subsection.6.20.2}{\376\377\0006\000.\0002\0000\000.\0002\000\040\000C\000o\000n\000s\000t\000r\000u\000c\000t\000o\000r\000\040\000\046\000\040\000D\000e\000s\000t\000r\000u\000c\000t\000o\000r\000\040\000D\000o\000c\000u\000m\000e\000n\000t\000a\000t\000i\000o\000n}{section.6.20}% 215
\BOOKMARK [3][-]{subsubsection.6.20.2.1}{\376\377\0006\000.\0002\0000\000.\0002\000.\0001\000\040\000R\000o\000o\000m\000D\000T\000O\000\050\000\051}{subsection.6.20.2}% 216
\BOOKMARK [2][-]{subsection.6.20.3}{\376\377\0006\000.\0002\0000\000.\0003\000\040\000M\000e\000m\000b\000e\000r\000\040\000F\000u\000n\000c\000t\000i\000o\000n\000\040\000D\000o\000c\000u\000m\000e\000n\000t\000a\000t\000i\000o\000n}{section.6.20}% 217
\BOOKMARK [3][-]{subsubsection.6.20.3.1}{\376\377\0006\000.\0002\0000\000.\0003\000.\0001\000\040\000g\000e\000t\000C\000a\000p\000a\000c\000i\000t\000y\000\050\000\051}{subsection.6.20.3}% 218
\BOOKMARK [3][-]{subsubsection.6.20.3.2}{\376\377\0006\000.\0002\0000\000.\0003\000.\0002\000\040\000g\000e\000t\000H\000o\000t\000e\000l\000\050\000\051}{subsection.6.20.3}% 219
\BOOKMARK [3][-]{subsubsection.6.20.3.3}{\376\377\0006\000.\0002\0000\000.\0003\000.\0003\000\040\000g\000e\000t\000N\000u\000m\000\050\000\051}{subsection.6.20.3}% 220
\BOOKMARK [3][-]{subsubsection.6.20.3.4}{\376\377\0006\000.\0002\0000\000.\0003\000.\0004\000\040\000g\000e\000t\000P\000r\000i\000c\000e\000\050\000\051}{subsection.6.20.3}% 221
\BOOKMARK [3][-]{subsubsection.6.20.3.5}{\376\377\0006\000.\0002\0000\000.\0003\000.\0005\000\040\000g\000e\000t\000R\000e\000s\000e\000r\000v\000a\000t\000i\000o\000n\000\050\000\051}{subsection.6.20.3}% 222
\BOOKMARK [3][-]{subsubsection.6.20.3.6}{\376\377\0006\000.\0002\0000\000.\0003\000.\0006\000\040\000g\000e\000t\000T\000y\000p\000e\000\050\000\051}{subsection.6.20.3}% 223
\BOOKMARK [3][-]{subsubsection.6.20.3.7}{\376\377\0006\000.\0002\0000\000.\0003\000.\0007\000\040\000s\000e\000t\000C\000a\000p\000a\000c\000i\000t\000y\000\050\000\051}{subsection.6.20.3}% 224
\BOOKMARK [3][-]{subsubsection.6.20.3.8}{\376\377\0006\000.\0002\0000\000.\0003\000.\0008\000\040\000s\000e\000t\000H\000o\000t\000e\000l\000\050\000\051}{subsection.6.20.3}% 225
\BOOKMARK [3][-]{subsubsection.6.20.3.9}{\376\377\0006\000.\0002\0000\000.\0003\000.\0009\000\040\000s\000e\000t\000N\000u\000m\000\050\000\051}{subsection.6.20.3}% 226
\BOOKMARK [3][-]{subsubsection.6.20.3.10}{\376\377\0006\000.\0002\0000\000.\0003\000.\0001\0000\000\040\000s\000e\000t\000P\000r\000i\000c\000e\000\050\000\051}{subsection.6.20.3}% 227
\BOOKMARK [3][-]{subsubsection.6.20.3.11}{\376\377\0006\000.\0002\0000\000.\0003\000.\0001\0001\000\040\000s\000e\000t\000R\000e\000s\000e\000r\000v\000a\000t\000i\000o\000n\000\050\000\051}{subsection.6.20.3}% 228
\BOOKMARK [3][-]{subsubsection.6.20.3.12}{\376\377\0006\000.\0002\0000\000.\0003\000.\0001\0002\000\040\000s\000e\000t\000T\000y\000p\000e\000\050\000\051}{subsection.6.20.3}% 229
\BOOKMARK [1][-]{section.6.21}{\376\377\0006\000.\0002\0001\000\040\000b\000s\000p\000q\0001\0008\000\137\000e\0004\000.\000G\000e\000s\000t\000i\000o\000n\000H\000o\000t\000e\000l\000e\000r\000a\000.\000c\000l\000i\000e\000n\000t\000.\000g\000u\000i\000.\000R\000o\000o\000m\000s\000\040\000C\000l\000a\000s\000s\000\040\000R\000e\000f\000e\000r\000e\000n\000c\000e}{chapter.6}% 230
\BOOKMARK [2][-]{subsection.6.21.1}{\376\377\0006\000.\0002\0001\000.\0001\000\040\000D\000e\000t\000a\000i\000l\000e\000d\000\040\000D\000e\000s\000c\000r\000i\000p\000t\000i\000o\000n}{section.6.21}% 231
\BOOKMARK [2][-]{subsection.6.21.2}{\376\377\0006\000.\0002\0001\000.\0002\000\040\000C\000o\000n\000s\000t\000r\000u\000c\000t\000o\000r\000\040\000\046\000\040\000D\000e\000s\000t\000r\000u\000c\000t\000o\000r\000\040\000D\000o\000c\000u\000m\000e\000n\000t\000a\000t\000i\000o\000n}{section.6.21}% 232
\BOOKMARK [3][-]{subsubsection.6.21.2.1}{\376\377\0006\000.\0002\0001\000.\0002\000.\0001\000\040\000R\000o\000o\000m\000s\000\050\000\051}{subsection.6.21.2}% 233
\BOOKMARK [1][-]{section.6.22}{\376\377\0006\000.\0002\0002\000\040\000b\000s\000p\000q\0001\0008\000\137\000e\0004\000.\000G\000e\000s\000t\000i\000o\000n\000H\000o\000t\000e\000l\000e\000r\000a\000.\000s\000e\000r\000v\000e\000r\000.\000r\000e\000m\000o\000t\000e\000.\000S\000e\000r\000v\000i\000c\000e\000\040\000C\000l\000a\000s\000s\000\040\000R\000e\000f\000e\000r\000e\000n\000c\000e}{chapter.6}% 234
\BOOKMARK [2][-]{subsection.6.22.1}{\376\377\0006\000.\0002\0002\000.\0001\000\040\000D\000e\000t\000a\000i\000l\000e\000d\000\040\000D\000e\000s\000c\000r\000i\000p\000t\000i\000o\000n}{section.6.22}% 235
\BOOKMARK [2][-]{subsection.6.22.2}{\376\377\0006\000.\0002\0002\000.\0002\000\040\000C\000o\000n\000s\000t\000r\000u\000c\000t\000o\000r\000\040\000\046\000\040\000D\000e\000s\000t\000r\000u\000c\000t\000o\000r\000\040\000D\000o\000c\000u\000m\000e\000n\000t\000a\000t\000i\000o\000n}{section.6.22}% 236
\BOOKMARK [3][-]{subsubsection.6.22.2.1}{\376\377\0006\000.\0002\0002\000.\0002\000.\0001\000\040\000S\000e\000r\000v\000i\000c\000e\000\050\000\051}{subsection.6.22.2}% 237
\BOOKMARK [2][-]{subsection.6.22.3}{\376\377\0006\000.\0002\0002\000.\0003\000\040\000M\000e\000m\000b\000e\000r\000\040\000F\000u\000n\000c\000t\000i\000o\000n\000\040\000D\000o\000c\000u\000m\000e\000n\000t\000a\000t\000i\000o\000n}{section.6.22}% 238
\BOOKMARK [3][-]{subsubsection.6.22.3.1}{\376\377\0006\000.\0002\0002\000.\0003\000.\0001\000\040\000i\000s\000R\000e\000g\000i\000s\000t\000e\000r\000e\000d\000\050\000\051}{subsection.6.22.3}% 239
\BOOKMARK [3][-]{subsubsection.6.22.3.2}{\376\377\0006\000.\0002\0002\000.\0003\000.\0002\000\040\000r\000e\000g\000i\000s\000t\000e\000r\000\050\000\051}{subsection.6.22.3}% 240
\BOOKMARK [3][-]{subsubsection.6.22.3.3}{\376\377\0006\000.\0002\0002\000.\0003\000.\0003\000\040\000s\000i\000g\000n\000I\000n\000\050\000\051}{subsection.6.22.3}% 241
\BOOKMARK [1][-]{section.6.23}{\376\377\0006\000.\0002\0003\000\040\000b\000s\000p\000q\0001\0008\000\137\000e\0004\000.\000G\000e\000s\000t\000i\000o\000n\000H\000o\000t\000e\000l\000e\000r\000a\000.\000c\000l\000i\000e\000n\000t\000.\000r\000e\000m\000o\000t\000e\000.\000S\000e\000r\000v\000i\000c\000e\000L\000o\000c\000a\000t\000o\000r\000\040\000C\000l\000a\000s\000s\000\040\000R\000e\000f\000e\000r\000e\000n\000c\000e}{chapter.6}% 242
\BOOKMARK [2][-]{subsection.6.23.1}{\376\377\0006\000.\0002\0003\000.\0001\000\040\000D\000e\000t\000a\000i\000l\000e\000d\000\040\000D\000e\000s\000c\000r\000i\000p\000t\000i\000o\000n}{section.6.23}% 243
\BOOKMARK [2][-]{subsection.6.23.2}{\376\377\0006\000.\0002\0003\000.\0002\000\040\000C\000o\000n\000s\000t\000r\000u\000c\000t\000o\000r\000\040\000\046\000\040\000D\000e\000s\000t\000r\000u\000c\000t\000o\000r\000\040\000D\000o\000c\000u\000m\000e\000n\000t\000a\000t\000i\000o\000n}{section.6.23}% 244
\BOOKMARK [3][-]{subsubsection.6.23.2.1}{\376\377\0006\000.\0002\0003\000.\0002\000.\0001\000\040\000S\000e\000r\000v\000i\000c\000e\000L\000o\000c\000a\000t\000o\000r\000\050\000\051}{subsection.6.23.2}% 245
\BOOKMARK [2][-]{subsection.6.23.3}{\376\377\0006\000.\0002\0003\000.\0003\000\040\000M\000e\000m\000b\000e\000r\000\040\000F\000u\000n\000c\000t\000i\000o\000n\000\040\000D\000o\000c\000u\000m\000e\000n\000t\000a\000t\000i\000o\000n}{section.6.23}% 246
\BOOKMARK [3][-]{subsubsection.6.23.3.1}{\376\377\0006\000.\0002\0003\000.\0003\000.\0001\000\040\000g\000e\000t\000S\000e\000r\000v\000i\000c\000e\000\050\000\051}{subsection.6.23.3}% 247
\BOOKMARK [3][-]{subsubsection.6.23.3.2}{\376\377\0006\000.\0002\0003\000.\0003\000.\0002\000\040\000s\000e\000t\000S\000e\000r\000v\000i\000c\000e\000\050\000\051}{subsection.6.23.3}% 248
\BOOKMARK [1][-]{section.6.24}{\376\377\0006\000.\0002\0004\000\040\000b\000s\000p\000q\0001\0008\000\137\000e\0004\000.\000G\000e\000s\000t\000i\000o\000n\000H\000o\000t\000e\000l\000e\000r\000a\000.\000c\000l\000i\000e\000n\000t\000.\000g\000u\000i\000.\000S\000i\000g\000n\000u\000p\000\040\000C\000l\000a\000s\000s\000\040\000R\000e\000f\000e\000r\000e\000n\000c\000e}{chapter.6}% 249
\BOOKMARK [2][-]{subsection.6.24.1}{\376\377\0006\000.\0002\0004\000.\0001\000\040\000D\000e\000t\000a\000i\000l\000e\000d\000\040\000D\000e\000s\000c\000r\000i\000p\000t\000i\000o\000n}{section.6.24}% 250
\BOOKMARK [2][-]{subsection.6.24.2}{\376\377\0006\000.\0002\0004\000.\0002\000\040\000C\000o\000n\000s\000t\000r\000u\000c\000t\000o\000r\000\040\000\046\000\040\000D\000e\000s\000t\000r\000u\000c\000t\000o\000r\000\040\000D\000o\000c\000u\000m\000e\000n\000t\000a\000t\000i\000o\000n}{section.6.24}% 251
\BOOKMARK [3][-]{subsubsection.6.24.2.1}{\376\377\0006\000.\0002\0004\000.\0002\000.\0001\000\040\000S\000i\000g\000n\000u\000p\000\050\000\051}{subsection.6.24.2}% 252
\BOOKMARK [1][-]{section.6.25}{\376\377\0006\000.\0002\0005\000\040\000b\000s\000p\000q\0001\0008\000\137\000e\0004\000.\000G\000e\000s\000t\000i\000o\000n\000H\000o\000t\000e\000l\000e\000r\000a\000.\000s\000e\000r\000v\000e\000r\000.\000d\000a\000t\000a\000.\000U\000s\000e\000r\000\040\000C\000l\000a\000s\000s\000\040\000R\000e\000f\000e\000r\000e\000n\000c\000e}{chapter.6}% 253
\BOOKMARK [2][-]{subsection.6.25.1}{\376\377\0006\000.\0002\0005\000.\0001\000\040\000D\000e\000t\000a\000i\000l\000e\000d\000\040\000D\000e\000s\000c\000r\000i\000p\000t\000i\000o\000n}{section.6.25}% 254
\BOOKMARK [2][-]{subsection.6.25.2}{\376\377\0006\000.\0002\0005\000.\0002\000\040\000C\000o\000n\000s\000t\000r\000u\000c\000t\000o\000r\000\040\000\046\000\040\000D\000e\000s\000t\000r\000u\000c\000t\000o\000r\000\040\000D\000o\000c\000u\000m\000e\000n\000t\000a\000t\000i\000o\000n}{section.6.25}% 255
\BOOKMARK [3][-]{subsubsection.6.25.2.1}{\376\377\0006\000.\0002\0005\000.\0002\000.\0001\000\040\000U\000s\000e\000r\000\050\000\051}{subsection.6.25.2}% 256
\BOOKMARK [2][-]{subsection.6.25.3}{\376\377\0006\000.\0002\0005\000.\0003\000\040\000M\000e\000m\000b\000e\000r\000\040\000F\000u\000n\000c\000t\000i\000o\000n\000\040\000D\000o\000c\000u\000m\000e\000n\000t\000a\000t\000i\000o\000n}{section.6.25}% 257
\BOOKMARK [3][-]{subsubsection.6.25.3.1}{\376\377\0006\000.\0002\0005\000.\0003\000.\0001\000\040\000a\000d\000d\000R\000e\000s\000e\000r\000v\000a\000t\000i\000o\000n\000\050\000\051}{subsection.6.25.3}% 258
\BOOKMARK [3][-]{subsubsection.6.25.3.2}{\376\377\0006\000.\0002\0005\000.\0003\000.\0002\000\040\000g\000e\000t\000C\000c\000\050\000\051}{subsection.6.25.3}% 259
\BOOKMARK [3][-]{subsubsection.6.25.3.3}{\376\377\0006\000.\0002\0005\000.\0003\000.\0003\000\040\000g\000e\000t\000E\000m\000a\000i\000l\000\050\000\051}{subsection.6.25.3}% 260
\BOOKMARK [3][-]{subsubsection.6.25.3.4}{\376\377\0006\000.\0002\0005\000.\0003\000.\0004\000\040\000g\000e\000t\000N\000a\000m\000e\000\050\000\051}{subsection.6.25.3}% 261
\BOOKMARK [3][-]{subsubsection.6.25.3.5}{\376\377\0006\000.\0002\0005\000.\0003\000.\0005\000\040\000g\000e\000t\000P\000a\000s\000s\000\050\000\051}{subsection.6.25.3}% 262
\BOOKMARK [3][-]{subsubsection.6.25.3.6}{\376\377\0006\000.\0002\0005\000.\0003\000.\0006\000\040\000g\000e\000t\000R\000e\000s\000e\000r\000v\000a\000t\000i\000o\000n\000s\000\050\000\051}{subsection.6.25.3}% 263
\BOOKMARK [3][-]{subsubsection.6.25.3.7}{\376\377\0006\000.\0002\0005\000.\0003\000.\0007\000\040\000r\000e\000m\000o\000v\000e\000R\000e\000s\000e\000r\000v\000a\000\050\000\051}{subsection.6.25.3}% 264
\BOOKMARK [3][-]{subsubsection.6.25.3.8}{\376\377\0006\000.\0002\0005\000.\0003\000.\0008\000\040\000s\000e\000t\000C\000c\000\050\000\051}{subsection.6.25.3}% 265
\BOOKMARK [3][-]{subsubsection.6.25.3.9}{\376\377\0006\000.\0002\0005\000.\0003\000.\0009\000\040\000s\000e\000t\000E\000m\000a\000i\000l\000\050\000\051}{subsection.6.25.3}% 266
\BOOKMARK [3][-]{subsubsection.6.25.3.10}{\376\377\0006\000.\0002\0005\000.\0003\000.\0001\0000\000\040\000s\000e\000t\000N\000a\000m\000e\000\050\000\051}{subsection.6.25.3}% 267
\BOOKMARK [3][-]{subsubsection.6.25.3.11}{\376\377\0006\000.\0002\0005\000.\0003\000.\0001\0001\000\040\000s\000e\000t\000P\000a\000s\000s\000\050\000\051}{subsection.6.25.3}% 268
\BOOKMARK [3][-]{subsubsection.6.25.3.12}{\376\377\0006\000.\0002\0005\000.\0003\000.\0001\0002\000\040\000s\000e\000t\000R\000e\000s\000e\000r\000v\000a\000t\000i\000o\000n\000s\000\050\000\051}{subsection.6.25.3}% 269
\BOOKMARK [3][-]{subsubsection.6.25.3.13}{\376\377\0006\000.\0002\0005\000.\0003\000.\0001\0003\000\040\000t\000o\000S\000t\000r\000i\000n\000g\000\050\000\051}{subsection.6.25.3}% 270
\BOOKMARK [1][-]{section.6.26}{\376\377\0006\000.\0002\0006\000\040\000b\000s\000p\000q\0001\0008\000\137\000e\0004\000.\000G\000e\000s\000t\000i\000o\000n\000H\000o\000t\000e\000l\000e\000r\000a\000.\000s\000e\000r\000v\000e\000r\000.\000d\000t\000o\000.\000U\000s\000e\000r\000D\000T\000O\000\040\000C\000l\000a\000s\000s\000\040\000R\000e\000f\000e\000r\000e\000n\000c\000e}{chapter.6}% 271
\BOOKMARK [2][-]{subsection.6.26.1}{\376\377\0006\000.\0002\0006\000.\0001\000\040\000D\000e\000t\000a\000i\000l\000e\000d\000\040\000D\000e\000s\000c\000r\000i\000p\000t\000i\000o\000n}{section.6.26}% 272
\BOOKMARK [2][-]{subsection.6.26.2}{\376\377\0006\000.\0002\0006\000.\0002\000\040\000C\000o\000n\000s\000t\000r\000u\000c\000t\000o\000r\000\040\000\046\000\040\000D\000e\000s\000t\000r\000u\000c\000t\000o\000r\000\040\000D\000o\000c\000u\000m\000e\000n\000t\000a\000t\000i\000o\000n}{section.6.26}% 273
\BOOKMARK [3][-]{subsubsection.6.26.2.1}{\376\377\0006\000.\0002\0006\000.\0002\000.\0001\000\040\000U\000s\000e\000r\000D\000T\000O\000\050\000\051}{subsection.6.26.2}% 274
\BOOKMARK [2][-]{subsection.6.26.3}{\376\377\0006\000.\0002\0006\000.\0003\000\040\000M\000e\000m\000b\000e\000r\000\040\000F\000u\000n\000c\000t\000i\000o\000n\000\040\000D\000o\000c\000u\000m\000e\000n\000t\000a\000t\000i\000o\000n}{section.6.26}% 275
\BOOKMARK [3][-]{subsubsection.6.26.3.1}{\376\377\0006\000.\0002\0006\000.\0003\000.\0001\000\040\000a\000d\000d\000R\000e\000s\000e\000r\000v\000a\000t\000i\000o\000n\000\050\000\051}{subsection.6.26.3}% 276
\BOOKMARK [3][-]{subsubsection.6.26.3.2}{\376\377\0006\000.\0002\0006\000.\0003\000.\0002\000\040\000g\000e\000t\000C\000c\000\050\000\051}{subsection.6.26.3}% 277
\BOOKMARK [3][-]{subsubsection.6.26.3.3}{\376\377\0006\000.\0002\0006\000.\0003\000.\0003\000\040\000g\000e\000t\000E\000m\000a\000i\000l\000\050\000\051}{subsection.6.26.3}% 278
\BOOKMARK [3][-]{subsubsection.6.26.3.4}{\376\377\0006\000.\0002\0006\000.\0003\000.\0004\000\040\000g\000e\000t\000N\000a\000m\000e\000\050\000\051}{subsection.6.26.3}% 279
\BOOKMARK [3][-]{subsubsection.6.26.3.5}{\376\377\0006\000.\0002\0006\000.\0003\000.\0005\000\040\000g\000e\000t\000P\000a\000s\000s\000\050\000\051}{subsection.6.26.3}% 280
\BOOKMARK [3][-]{subsubsection.6.26.3.6}{\376\377\0006\000.\0002\0006\000.\0003\000.\0006\000\040\000g\000e\000t\000R\000e\000s\000e\000r\000v\000a\000t\000i\000o\000n\000s\000\050\000\051}{subsection.6.26.3}% 281
\BOOKMARK [3][-]{subsubsection.6.26.3.7}{\376\377\0006\000.\0002\0006\000.\0003\000.\0007\000\040\000r\000e\000m\000o\000v\000e\000R\000e\000s\000e\000r\000v\000a\000t\000i\000o\000n\000\050\000\051}{subsection.6.26.3}% 282
\BOOKMARK [3][-]{subsubsection.6.26.3.8}{\376\377\0006\000.\0002\0006\000.\0003\000.\0008\000\040\000s\000e\000t\000C\000c\000\050\000\051}{subsection.6.26.3}% 283
\BOOKMARK [3][-]{subsubsection.6.26.3.9}{\376\377\0006\000.\0002\0006\000.\0003\000.\0009\000\040\000s\000e\000t\000E\000m\000a\000i\000l\000\050\000\051}{subsection.6.26.3}% 284
\BOOKMARK [3][-]{subsubsection.6.26.3.10}{\376\377\0006\000.\0002\0006\000.\0003\000.\0001\0000\000\040\000s\000e\000t\000N\000a\000m\000e\000\050\000\051}{subsection.6.26.3}% 285
\BOOKMARK [3][-]{subsubsection.6.26.3.11}{\376\377\0006\000.\0002\0006\000.\0003\000.\0001\0001\000\040\000s\000e\000t\000P\000a\000s\000s\000\050\000\051}{subsection.6.26.3}% 286
\BOOKMARK [3][-]{subsubsection.6.26.3.12}{\376\377\0006\000.\0002\0006\000.\0003\000.\0001\0002\000\040\000s\000e\000t\000R\000e\000s\000e\000r\000v\000a\000t\000i\000o\000n\000s\000\050\000\051}{subsection.6.26.3}% 287
\BOOKMARK [0][-]{chapter.7}{\376\377\0007\000\040\000F\000i\000l\000e\000\040\000D\000o\000c\000u\000m\000e\000n\000t\000a\000t\000i\000o\000n}{}% 288
\BOOKMARK [1][-]{section.7.1}{\376\377\0007\000.\0001\000\040\000s\000r\000c\000/\000m\000a\000i\000n\000/\000j\000a\000v\000a\000/\000b\000s\000p\000q\0001\0008\000\137\000e\0004\000/\000G\000e\000s\000t\000i\000o\000n\000H\000o\000t\000e\000l\000e\000r\000a\000/\000A\000p\000p\000.\000j\000a\000v\000a\000\040\000F\000i\000l\000e\000\040\000R\000e\000f\000e\000r\000e\000n\000c\000e}{chapter.7}% 289
\BOOKMARK [1][-]{section.7.2}{\376\377\0007\000.\0002\000\040\000s\000r\000c\000/\000m\000a\000i\000n\000/\000j\000a\000v\000a\000/\000b\000s\000p\000q\0001\0008\000\137\000e\0004\000/\000G\000e\000s\000t\000i\000o\000n\000H\000o\000t\000e\000l\000e\000r\000a\000/\000c\000l\000i\000e\000n\000t\000/\000c\000o\000n\000t\000r\000o\000l\000l\000e\000r\000/\000C\000o\000n\000t\000r\000o\000l\000l\000e\000r\000.\000j\000a\000v\000a\000\040\000F\000i\000l\000e\000\040\000R\000e\000f\000e\000r\000e\000n\000c\000e}{chapter.7}% 290
\BOOKMARK [1][-]{section.7.3}{\376\377\0007\000.\0003\000\040\000s\000r\000c\000/\000m\000a\000i\000n\000/\000j\000a\000v\000a\000/\000b\000s\000p\000q\0001\0008\000\137\000e\0004\000/\000G\000e\000s\000t\000i\000o\000n\000H\000o\000t\000e\000l\000e\000r\000a\000/\000c\000l\000i\000e\000n\000t\000/\000g\000u\000i\000/\000H\000o\000m\000e\000.\000j\000a\000v\000a\000\040\000F\000i\000l\000e\000\040\000R\000e\000f\000e\000r\000e\000n\000c\000e}{chapter.7}% 291
\BOOKMARK [1][-]{section.7.4}{\376\377\0007\000.\0004\000\040\000s\000r\000c\000/\000m\000a\000i\000n\000/\000j\000a\000v\000a\000/\000b\000s\000p\000q\0001\0008\000\137\000e\0004\000/\000G\000e\000s\000t\000i\000o\000n\000H\000o\000t\000e\000l\000e\000r\000a\000/\000c\000l\000i\000e\000n\000t\000/\000g\000u\000i\000/\000L\000o\000g\000i\000n\000.\000j\000a\000v\000a\000\040\000F\000i\000l\000e\000\040\000R\000e\000f\000e\000r\000e\000n\000c\000e}{chapter.7}% 292
\BOOKMARK [1][-]{section.7.5}{\376\377\0007\000.\0005\000\040\000s\000r\000c\000/\000m\000a\000i\000n\000/\000j\000a\000v\000a\000/\000b\000s\000p\000q\0001\0008\000\137\000e\0004\000/\000G\000e\000s\000t\000i\000o\000n\000H\000o\000t\000e\000l\000e\000r\000a\000/\000c\000l\000i\000e\000n\000t\000/\000g\000u\000i\000/\000M\000y\000A\000c\000c\000o\000u\000n\000t\000.\000j\000a\000v\000a\000\040\000F\000i\000l\000e\000\040\000R\000e\000f\000e\000r\000e\000n\000c\000e}{chapter.7}% 293
\BOOKMARK [1][-]{section.7.6}{\376\377\0007\000.\0006\000\040\000s\000r\000c\000/\000m\000a\000i\000n\000/\000j\000a\000v\000a\000/\000b\000s\000p\000q\0001\0008\000\137\000e\0004\000/\000G\000e\000s\000t\000i\000o\000n\000H\000o\000t\000e\000l\000e\000r\000a\000/\000c\000l\000i\000e\000n\000t\000/\000g\000u\000i\000/\000R\000o\000o\000m\000s\000.\000j\000a\000v\000a\000\040\000F\000i\000l\000e\000\040\000R\000e\000f\000e\000r\000e\000n\000c\000e}{chapter.7}% 294
\BOOKMARK [1][-]{section.7.7}{\376\377\0007\000.\0007\000\040\000s\000r\000c\000/\000m\000a\000i\000n\000/\000j\000a\000v\000a\000/\000b\000s\000p\000q\0001\0008\000\137\000e\0004\000/\000G\000e\000s\000t\000i\000o\000n\000H\000o\000t\000e\000l\000e\000r\000a\000/\000c\000l\000i\000e\000n\000t\000/\000g\000u\000i\000/\000S\000i\000g\000n\000u\000p\000.\000j\000a\000v\000a\000\040\000F\000i\000l\000e\000\040\000R\000e\000f\000e\000r\000e\000n\000c\000e}{chapter.7}% 295
\BOOKMARK [1][-]{section.7.8}{\376\377\0007\000.\0008\000\040\000s\000r\000c\000/\000m\000a\000i\000n\000/\000j\000a\000v\000a\000/\000b\000s\000p\000q\0001\0008\000\137\000e\0004\000/\000G\000e\000s\000t\000i\000o\000n\000H\000o\000t\000e\000l\000e\000r\000a\000/\000c\000l\000i\000e\000n\000t\000/\000r\000e\000m\000o\000t\000e\000/\000S\000e\000r\000v\000i\000c\000e\000L\000o\000c\000a\000t\000o\000r\000.\000j\000a\000v\000a\000\040\000F\000i\000l\000e\000\040\000R\000e\000f\000e\000r\000e\000n\000c\000e}{chapter.7}% 296
\BOOKMARK [1][-]{section.7.9}{\376\377\0007\000.\0009\000\040\000s\000r\000c\000/\000m\000a\000i\000n\000/\000j\000a\000v\000a\000/\000b\000s\000p\000q\0001\0008\000\137\000e\0004\000/\000G\000e\000s\000t\000i\000o\000n\000H\000o\000t\000e\000l\000e\000r\000a\000/\000s\000e\000r\000v\000e\000r\000/\000a\000s\000s\000e\000m\000b\000l\000e\000r\000/\000A\000s\000s\000e\000m\000b\000l\000e\000.\000j\000a\000v\000a\000\040\000F\000i\000l\000e\000\040\000R\000e\000f\000e\000r\000e\000n\000c\000e}{chapter.7}% 297
\BOOKMARK [1][-]{section.7.10}{\376\377\0007\000.\0001\0000\000\040\000s\000r\000c\000/\000m\000a\000i\000n\000/\000j\000a\000v\000a\000/\000b\000s\000p\000q\0001\0008\000\137\000e\0004\000/\000G\000e\000s\000t\000i\000o\000n\000H\000o\000t\000e\000l\000e\000r\000a\000/\000s\000e\000r\000v\000e\000r\000/\000d\000a\000o\000/\000H\000o\000t\000e\000l\000D\000A\000O\000.\000j\000a\000v\000a\000\040\000F\000i\000l\000e\000\040\000R\000e\000f\000e\000r\000e\000n\000c\000e}{chapter.7}% 298
\BOOKMARK [1][-]{section.7.11}{\376\377\0007\000.\0001\0001\000\040\000s\000r\000c\000/\000m\000a\000i\000n\000/\000j\000a\000v\000a\000/\000b\000s\000p\000q\0001\0008\000\137\000e\0004\000/\000G\000e\000s\000t\000i\000o\000n\000H\000o\000t\000e\000l\000e\000r\000a\000/\000s\000e\000r\000v\000e\000r\000/\000d\000a\000o\000/\000I\000H\000o\000t\000e\000l\000D\000A\000O\000.\000j\000a\000v\000a\000\040\000F\000i\000l\000e\000\040\000R\000e\000f\000e\000r\000e\000n\000c\000e}{chapter.7}% 299
\BOOKMARK [1][-]{section.7.12}{\376\377\0007\000.\0001\0002\000\040\000s\000r\000c\000/\000m\000a\000i\000n\000/\000j\000a\000v\000a\000/\000b\000s\000p\000q\0001\0008\000\137\000e\0004\000/\000G\000e\000s\000t\000i\000o\000n\000H\000o\000t\000e\000l\000e\000r\000a\000/\000s\000e\000r\000v\000e\000r\000/\000d\000a\000t\000a\000/\000H\000o\000t\000e\000l\000.\000j\000a\000v\000a\000\040\000F\000i\000l\000e\000\040\000R\000e\000f\000e\000r\000e\000n\000c\000e}{chapter.7}% 300
\BOOKMARK [1][-]{section.7.13}{\376\377\0007\000.\0001\0003\000\040\000s\000r\000c\000/\000m\000a\000i\000n\000/\000j\000a\000v\000a\000/\000b\000s\000p\000q\0001\0008\000\137\000e\0004\000/\000G\000e\000s\000t\000i\000o\000n\000H\000o\000t\000e\000l\000e\000r\000a\000/\000s\000e\000r\000v\000e\000r\000/\000d\000a\000t\000a\000/\000R\000e\000s\000e\000r\000v\000a\000t\000i\000o\000n\000.\000j\000a\000v\000a\000\040\000F\000i\000l\000e\000\040\000R\000e\000f\000e\000r\000e\000n\000c\000e}{chapter.7}% 301
\BOOKMARK [1][-]{section.7.14}{\376\377\0007\000.\0001\0004\000\040\000s\000r\000c\000/\000m\000a\000i\000n\000/\000j\000a\000v\000a\000/\000b\000s\000p\000q\0001\0008\000\137\000e\0004\000/\000G\000e\000s\000t\000i\000o\000n\000H\000o\000t\000e\000l\000e\000r\000a\000/\000s\000e\000r\000v\000e\000r\000/\000d\000a\000t\000a\000/\000R\000o\000o\000m\000.\000j\000a\000v\000a\000\040\000F\000i\000l\000e\000\040\000R\000e\000f\000e\000r\000e\000n\000c\000e}{chapter.7}% 302
\BOOKMARK [1][-]{section.7.15}{\376\377\0007\000.\0001\0005\000\040\000s\000r\000c\000/\000m\000a\000i\000n\000/\000j\000a\000v\000a\000/\000b\000s\000p\000q\0001\0008\000\137\000e\0004\000/\000G\000e\000s\000t\000i\000o\000n\000H\000o\000t\000e\000l\000e\000r\000a\000/\000s\000e\000r\000v\000e\000r\000/\000d\000a\000t\000a\000/\000U\000s\000e\000r\000.\000j\000a\000v\000a\000\040\000F\000i\000l\000e\000\040\000R\000e\000f\000e\000r\000e\000n\000c\000e}{chapter.7}% 303
\BOOKMARK [1][-]{section.7.16}{\376\377\0007\000.\0001\0006\000\040\000s\000r\000c\000/\000m\000a\000i\000n\000/\000j\000a\000v\000a\000/\000b\000s\000p\000q\0001\0008\000\137\000e\0004\000/\000G\000e\000s\000t\000i\000o\000n\000H\000o\000t\000e\000l\000e\000r\000a\000/\000s\000e\000r\000v\000e\000r\000/\000d\000t\000o\000/\000H\000o\000t\000e\000l\000D\000T\000O\000.\000j\000a\000v\000a\000\040\000F\000i\000l\000e\000\040\000R\000e\000f\000e\000r\000e\000n\000c\000e}{chapter.7}% 304
\BOOKMARK [1][-]{section.7.17}{\376\377\0007\000.\0001\0007\000\040\000s\000r\000c\000/\000m\000a\000i\000n\000/\000j\000a\000v\000a\000/\000b\000s\000p\000q\0001\0008\000\137\000e\0004\000/\000G\000e\000s\000t\000i\000o\000n\000H\000o\000t\000e\000l\000e\000r\000a\000/\000s\000e\000r\000v\000e\000r\000/\000d\000t\000o\000/\000R\000e\000s\000e\000r\000v\000a\000t\000i\000o\000n\000D\000T\000O\000.\000j\000a\000v\000a\000\040\000F\000i\000l\000e\000\040\000R\000e\000f\000e\000r\000e\000n\000c\000e}{chapter.7}% 305
\BOOKMARK [1][-]{section.7.18}{\376\377\0007\000.\0001\0008\000\040\000s\000r\000c\000/\000m\000a\000i\000n\000/\000j\000a\000v\000a\000/\000b\000s\000p\000q\0001\0008\000\137\000e\0004\000/\000G\000e\000s\000t\000i\000o\000n\000H\000o\000t\000e\000l\000e\000r\000a\000/\000s\000e\000r\000v\000e\000r\000/\000d\000t\000o\000/\000R\000o\000o\000m\000D\000T\000O\000.\000j\000a\000v\000a\000\040\000F\000i\000l\000e\000\040\000R\000e\000f\000e\000r\000e\000n\000c\000e}{chapter.7}% 306
\BOOKMARK [1][-]{section.7.19}{\376\377\0007\000.\0001\0009\000\040\000s\000r\000c\000/\000m\000a\000i\000n\000/\000j\000a\000v\000a\000/\000b\000s\000p\000q\0001\0008\000\137\000e\0004\000/\000G\000e\000s\000t\000i\000o\000n\000H\000o\000t\000e\000l\000e\000r\000a\000/\000s\000e\000r\000v\000e\000r\000/\000d\000t\000o\000/\000U\000s\000e\000r\000D\000T\000O\000.\000j\000a\000v\000a\000\040\000F\000i\000l\000e\000\040\000R\000e\000f\000e\000r\000e\000n\000c\000e}{chapter.7}% 307
\BOOKMARK [1][-]{section.7.20}{\376\377\0007\000.\0002\0000\000\040\000s\000r\000c\000/\000m\000a\000i\000n\000/\000j\000a\000v\000a\000/\000b\000s\000p\000q\0001\0008\000\137\000e\0004\000/\000G\000e\000s\000t\000i\000o\000n\000H\000o\000t\000e\000l\000e\000r\000a\000/\000s\000e\000r\000v\000e\000r\000/\000H\000o\000t\000e\000l\000S\000e\000r\000v\000e\000r\000.\000j\000a\000v\000a\000\040\000F\000i\000l\000e\000\040\000R\000e\000f\000e\000r\000e\000n\000c\000e}{chapter.7}% 308
\BOOKMARK [1][-]{section.7.21}{\376\377\0007\000.\0002\0001\000\040\000s\000r\000c\000/\000m\000a\000i\000n\000/\000j\000a\000v\000a\000/\000b\000s\000p\000q\0001\0008\000\137\000e\0004\000/\000G\000e\000s\000t\000i\000o\000n\000H\000o\000t\000e\000l\000e\000r\000a\000/\000s\000e\000r\000v\000e\000r\000/\000r\000e\000m\000o\000t\000e\000/\000I\000S\000e\000r\000v\000i\000c\000e\000.\000j\000a\000v\000a\000\040\000F\000i\000l\000e\000\040\000R\000e\000f\000e\000r\000e\000n\000c\000e}{chapter.7}% 309
\BOOKMARK [1][-]{section.7.22}{\376\377\0007\000.\0002\0002\000\040\000s\000r\000c\000/\000m\000a\000i\000n\000/\000j\000a\000v\000a\000/\000b\000s\000p\000q\0001\0008\000\137\000e\0004\000/\000G\000e\000s\000t\000i\000o\000n\000H\000o\000t\000e\000l\000e\000r\000a\000/\000s\000e\000r\000v\000e\000r\000/\000r\000e\000m\000o\000t\000e\000/\000S\000e\000r\000v\000i\000c\000e\000.\000j\000a\000v\000a\000\040\000F\000i\000l\000e\000\040\000R\000e\000f\000e\000r\000e\000n\000c\000e}{chapter.7}% 310
\BOOKMARK [1][-]{section.7.23}{\376\377\0007\000.\0002\0003\000\040\000s\000r\000c\000/\000t\000e\000s\000t\000/\000j\000a\000v\000a\000/\000b\000s\000p\000q\0001\0008\000\137\000e\0004\000/\000G\000e\000s\000t\000i\000o\000n\000H\000o\000t\000e\000l\000e\000r\000a\000/\000s\000e\000r\000v\000e\000r\000/\000A\000p\000p\000T\000e\000s\000t\000.\000j\000a\000v\000a\000\040\000F\000i\000l\000e\000\040\000R\000e\000f\000e\000r\000e\000n\000c\000e}{chapter.7}% 311
\BOOKMARK [1][-]{section.7.24}{\376\377\0007\000.\0002\0004\000\040\000s\000r\000c\000/\000t\000e\000s\000t\000/\000j\000a\000v\000a\000/\000b\000s\000p\000q\0001\0008\000\137\000e\0004\000/\000G\000e\000s\000t\000i\000o\000n\000H\000o\000t\000e\000l\000e\000r\000a\000/\000s\000e\000r\000v\000e\000r\000/\000A\000s\000s\000e\000m\000b\000l\000e\000T\000e\000s\000t\000.\000j\000a\000v\000a\000\040\000F\000i\000l\000e\000\040\000R\000e\000f\000e\000r\000e\000n\000c\000e}{chapter.7}% 312
\BOOKMARK [1][-]{section.7.25}{\376\377\0007\000.\0002\0005\000\040\000s\000r\000c\000/\000t\000e\000s\000t\000/\000j\000a\000v\000a\000/\000b\000s\000p\000q\0001\0008\000\137\000e\0004\000/\000G\000e\000s\000t\000i\000o\000n\000H\000o\000t\000e\000l\000e\000r\000a\000/\000s\000e\000r\000v\000e\000r\000/\000D\000A\000O\000T\000e\000s\000t\000.\000j\000a\000v\000a\000\040\000F\000i\000l\000e\000\040\000R\000e\000f\000e\000r\000e\000n\000c\000e}{chapter.7}% 313
\BOOKMARK [1][-]{section.7.26}{\376\377\0007\000.\0002\0006\000\040\000s\000r\000c\000/\000t\000e\000s\000t\000/\000j\000a\000v\000a\000/\000b\000s\000p\000q\0001\0008\000\137\000e\0004\000/\000G\000e\000s\000t\000i\000o\000n\000H\000o\000t\000e\000l\000e\000r\000a\000/\000s\000e\000r\000v\000e\000r\000/\000D\000a\000t\000a\000T\000e\000s\000t\000.\000j\000a\000v\000a\000\040\000F\000i\000l\000e\000\040\000R\000e\000f\000e\000r\000e\000n\000c\000e}{chapter.7}% 314
\BOOKMARK [0][-]{section*.115}{\376\377\000I\000n\000d\000e\000x}{}% 315
